2025-06-21 22:11:17,344 - OptionsV4 - INFO - Options V4 Analyzer initialized successfully
2025-06-21 22:11:17,345 - OptionsV4 - INFO - Starting portfolio analysis...
2025-06-21 22:11:17,558 - OptionsV4 - INFO - Analyzing 5 symbols: ['DIXON', 'MARICO', 'SUNPHARMA', 'CESC', 'GRANULES']
2025-06-21 22:11:17,558 - OptionsV4 - INFO - 
==================================================
2025-06-21 22:11:17,558 - OptionsV4 - INFO - Analyzing DIXON
2025-06-21 22:11:17,558 - OptionsV4 - INFO - ==================================================
2025-06-21 22:11:17,708 - OptionsV4 - INFO - Found 80 liquid options for DIXON at spot $14047.00
2025-06-21 22:11:18,912 - OptionsV4 - INFO - Market Direction: Bearish Weak (Confidence: 54.5%)
2025-06-21 22:11:18,912 - OptionsV4 - INFO - IV Environment: NORMAL (ATM IV: 31.4%)
2025-06-21 22:11:18,912 - OptionsV4 - INFO - Constructing 4 strategies: ['Long Put', 'Bear Put Spread', 'Bear Call Spread', 'Cash-Secured Put']
/Users/jaykrish/Documents/digitalocean/cronjobs/options_v4/strategies/directional/spreads.py:218: SettingWithCopyWarning: 
A value is trying to be set on a copy of a slice from a DataFrame.
Try using .loc[row_indexer,col_indexer] = value instead

See the caveats in the documentation: https://pandas.pydata.org/pandas-docs/stable/user_guide/indexing.html#returning-a-view-versus-a-copy
  type_options['delta_diff'] = abs(type_options['delta'] - target_delta)
/Users/jaykrish/Documents/digitalocean/cronjobs/options_v4/strategies/directional/spreads.py:218: SettingWithCopyWarning: 
A value is trying to be set on a copy of a slice from a DataFrame.
Try using .loc[row_indexer,col_indexer] = value instead

See the caveats in the documentation: https://pandas.pydata.org/pandas-docs/stable/user_guide/indexing.html#returning-a-view-versus-a-copy
  type_options['delta_diff'] = abs(type_options['delta'] - target_delta)
2025-06-21 22:11:18,914 - OptionsV4 - WARNING - ⚠️ DIXON analysis failed: No strategies passed probability filtering
2025-06-21 22:11:18,914 - OptionsV4 - INFO - 
==================================================
2025-06-21 22:11:18,914 - OptionsV4 - INFO - Analyzing MARICO
2025-06-21 22:11:18,914 - OptionsV4 - INFO - ==================================================
2025-06-21 22:11:19,063 - OptionsV4 - INFO - Found 18 liquid options for MARICO at spot $693.30
2025-06-21 22:11:19,367 - OptionsV4 - INFO - Market Direction: Bullish Weak (Confidence: 41.5%)
2025-06-21 22:11:19,367 - OptionsV4 - INFO - IV Environment: SUBDUED (ATM IV: 19.9%)
2025-06-21 22:11:19,367 - OptionsV4 - INFO - Constructing 4 strategies: ['Long Call', 'Bull Call Spread', 'Bull Put Spread', 'Covered Call']
/Users/jaykrish/Documents/digitalocean/cronjobs/options_v4/strategies/directional/spreads.py:113: SettingWithCopyWarning: 
A value is trying to be set on a copy of a slice from a DataFrame.
Try using .loc[row_indexer,col_indexer] = value instead

See the caveats in the documentation: https://pandas.pydata.org/pandas-docs/stable/user_guide/indexing.html#returning-a-view-versus-a-copy
  type_options['delta_diff'] = abs(type_options['delta'] - target_delta)
/Users/jaykrish/Documents/digitalocean/cronjobs/options_v4/strategies/directional/spreads.py:113: SettingWithCopyWarning: 
A value is trying to be set on a copy of a slice from a DataFrame.
Try using .loc[row_indexer,col_indexer] = value instead

See the caveats in the documentation: https://pandas.pydata.org/pandas-docs/stable/user_guide/indexing.html#returning-a-view-versus-a-copy
  type_options['delta_diff'] = abs(type_options['delta'] - target_delta)
2025-06-21 22:11:19,369 - OptionsV4 - WARNING - ⚠️ MARICO analysis failed: No strategies could be constructed
2025-06-21 22:11:19,369 - OptionsV4 - INFO - 
==================================================
2025-06-21 22:11:19,369 - OptionsV4 - INFO - Analyzing SUNPHARMA
2025-06-21 22:11:19,369 - OptionsV4 - INFO - ==================================================
2025-06-21 22:11:19,550 - OptionsV4 - INFO - Found 72 liquid options for SUNPHARMA at spot $1665.10
2025-06-21 22:11:19,874 - OptionsV4 - INFO - Market Direction: Neutral  (Confidence: 42.3%)
2025-06-21 22:11:19,874 - OptionsV4 - INFO - IV Environment: SUBDUED (ATM IV: 18.2%)
2025-06-21 22:11:19,874 - OptionsV4 - INFO - Constructing 3 strategies: ['Iron Condor', 'Iron Butterfly', 'Butterfly Spread']
2025-06-21 22:11:19,880 - OptionsV4 - WARNING - ⚠️ SUNPHARMA analysis failed: No strategies passed probability filtering
2025-06-21 22:11:19,880 - OptionsV4 - INFO - 
==================================================
2025-06-21 22:11:19,880 - OptionsV4 - INFO - Analyzing CESC
2025-06-21 22:11:19,880 - OptionsV4 - INFO - ==================================================
2025-06-21 22:11:20,047 - OptionsV4 - INFO - Found 8 liquid options for CESC at spot $163.39
2025-06-21 22:11:20,339 - OptionsV4 - INFO - Market Direction: Bullish Weak (Confidence: 42.3%)
2025-06-21 22:11:20,339 - OptionsV4 - INFO - IV Environment: NORMAL (ATM IV: 29.7%)
2025-06-21 22:11:20,339 - OptionsV4 - INFO - Constructing 4 strategies: ['Long Call', 'Bull Call Spread', 'Bull Put Spread', 'Covered Call']
2025-06-21 22:11:20,341 - OptionsV4 - WARNING - ⚠️ CESC analysis failed: No strategies passed probability filtering
2025-06-21 22:11:20,341 - OptionsV4 - INFO - 
==================================================
2025-06-21 22:11:20,341 - OptionsV4 - INFO - Analyzing GRANULES
2025-06-21 22:11:20,341 - OptionsV4 - INFO - ==================================================
2025-06-21 22:11:20,415 - OptionsV4 - WARNING - ⚠️ GRANULES analysis failed: No liquid options data
2025-06-21 22:11:20,415 - OptionsV4 - INFO - 
Portfolio Analysis Complete: 0/5 successful
2025-06-21 22:11:20,416 - OptionsV4 - INFO - Results saved to: /Users/jaykrish/Documents/digitalocean/cronjobs/options_v4/results/options_v4_analysis_20250621_221120.json
🚀 Options V4 Trading System
==================================================

📊 Portfolio Analysis Summary:
   • Symbols Analyzed: 5
   • Successful Analyses: 0
   • Success Rate: 0.0%
   • Total Strategies: 0
   • Results saved to: /Users/jaykrish/Documents/digitalocean/cronjobs/options_v4/results/options_v4_analysis_20250621_221120.json
