2025-06-28 09:14:43,176 - __main__ - INFO - Supabase client initialized successfully
2025-06-28 09:14:43,179 - SupabaseIntegration - INFO - Supabase client initialized successfully
2025-06-28 09:14:43,338 - httpx - INFO - HTTP Request: GET https://aisqbjjpdztnuerniefl.supabase.co/rest/v1/trades?select=security_id%2Csymbol%2Ctype%2Cstrategy%2Caction%2Cstrike_price%2Corder_status&order_status=eq.open "HTTP/2 200 OK"
2025-06-28 09:14:43,339 - __main__ - INFO - Position Monitor initialized successfully
2025-06-28 09:14:43,345 - __main__ - INFO - Supabase client initialized successfully
2025-06-28 09:14:43,345 - __main__ - INFO - Exit Executor initialized successfully
2025-06-28 09:14:43,351 - __main__ - INFO - Supabase client initialized successfully
2025-06-28 09:14:43,351 - __main__ - INFO - Automated Monitor initialized (execute_exits=True, alert_only=False)
2025-06-28 09:14:43,351 - __main__ - INFO - Starting continuous monitoring (interval: 5 minutes)
2025-06-28 09:14:43,351 - __main__ - WARNING - ⚠️  LIVE MODE - Exits will be executed automatically!
2025-06-28 09:14:48,354 - __main__ - INFO - Starting monitoring cycle at 2025-06-28 09:14:48.354592
2025-06-28 09:14:48,733 - httpx - INFO - HTTP Request: GET https://aisqbjjpdztnuerniefl.supabase.co/rest/v1/trades?select=%2A&order_status=eq.open&order=timestamp.asc "HTTP/2 200 OK"
2025-06-28 09:14:48,735 - __main__ - INFO - No open positions found
2025-06-28 09:14:48,735 - __main__ - INFO - No open positions to monitor
2025-06-28 09:14:51,976 - __main__ - INFO - Monitoring stopped by user
2025-06-28 09:18:16,753 - __main__ - INFO - Supabase client initialized successfully
2025-06-28 09:18:16,757 - SupabaseIntegration - INFO - Supabase client initialized successfully
2025-06-28 09:18:16,915 - httpx - INFO - HTTP Request: GET https://aisqbjjpdztnuerniefl.supabase.co/rest/v1/trades?select=security_id%2Csymbol%2Ctype%2Cstrategy%2Caction%2Cstrike_price%2Corder_status&order_status=eq.open "HTTP/2 200 OK"
2025-06-28 09:18:16,917 - __main__ - INFO - Position Monitor initialized successfully
2025-06-28 09:18:16,925 - __main__ - INFO - Supabase client initialized successfully
2025-06-28 09:18:16,925 - __main__ - INFO - Exit Executor initialized successfully
2025-06-28 09:18:16,931 - __main__ - INFO - Supabase client initialized successfully
2025-06-28 09:18:16,931 - __main__ - INFO - Automated Monitor initialized (execute_exits=False, alert_only=False)
2025-06-28 09:18:16,931 - __main__ - INFO - Starting continuous monitoring (interval: 5 minutes)
2025-06-28 09:18:16,931 - __main__ - INFO - Running in SIMULATION mode - no actual trades will be executed
2025-06-28 09:18:16,931 - __main__ - INFO - Starting monitoring cycle at 2025-06-28 09:18:16.931697
2025-06-28 09:18:17,272 - httpx - INFO - HTTP Request: GET https://aisqbjjpdztnuerniefl.supabase.co/rest/v1/trades?select=%2A&order_status=eq.open&order=timestamp.asc "HTTP/2 200 OK"
2025-06-28 09:18:17,273 - __main__ - INFO - No open positions found
2025-06-28 09:18:17,273 - __main__ - INFO - No open positions to monitor
2025-06-28 09:18:19,385 - __main__ - INFO - Monitoring stopped by user
