2025-06-28 07:54:00,040 - __main__ - INFO - Supabase client initialized successfully
2025-06-28 07:54:00,044 - SupabaseIntegration - INFO - Supabase client initialized successfully
2025-06-28 07:54:00,227 - httpx - INFO - HTTP Request: GET https://aisqbjjpdztnuerniefl.supabase.co/rest/v1/trades?select=security_id%2Csymbol%2Ctype%2Cstrategy%2Caction%2Cstrike_price%2Corder_status&order_status=eq.open "HTTP/2 200 OK"
2025-06-28 07:54:00,232 - portfolio_allocation.core.hybrid_portfolio_engine - INFO - Market Direction: neutral
2025-06-28 07:54:00,232 - portfolio_allocation.core.hybrid_portfolio_engine - INFO - Long/Short Allocation: 50%/50%
2025-06-28 07:54:00,232 - portfolio_allocation.core.hybrid_portfolio_engine - INFO - Market Cap Allocation: {'Large Cap': 45, 'Mid Cap': 30, 'Small Cap': 20, 'Micro Cap': 5}
2025-06-28 07:54:00,232 - portfolio_allocation.core.hybrid_portfolio_engine - INFO - Building hybrid portfolio with ₹1,500,000
2025-06-28 07:54:00,232 - portfolio_allocation.core.hybrid_portfolio_engine - INFO - Market Direction: neutral
2025-06-28 07:54:00,232 - portfolio_allocation.core.hybrid_portfolio_engine - INFO - Loading strategies with lot sizes...
2025-06-28 07:54:00,600 - httpx - INFO - HTTP Request: GET https://aisqbjjpdztnuerniefl.supabase.co/rest/v1/strategies?select=id%2Cstock_name%2Cstrategy_name%2Cnet_premium%2Cprobability_of_profit%2Crisk_reward_ratio%2Ctotal_score%2Cconviction_level%2Cstrategy_type%2Csector%2Cindustry%2Cmarket_view%2Ccomponent_scores&total_score=gte.0.6 "HTTP/2 200 OK"
2025-06-28 07:54:00,675 - httpx - INFO - HTTP Request: GET https://aisqbjjpdztnuerniefl.supabase.co/rest/v1/strategy_details?select=strategy_id%2Cquantity%2Cstrike_price%2Coption_type%2Csetup_type&strategy_id=in.%284982%2C4985%2C4987%2C4988%2C4990%2C4466%2C4468%2C4474%2C4477%2C4479%2C4482%2C4485%2C4487%2C4488%2C4490%2C4491%2C4493%2C4495%2C4497%2C4498%2C4500%2C4503%2C4506%2C4507%2C4508%2C4509%2C4511%2C4512%2C4514%2C4517%2C4520%2C4523%2C4526%2C4529%2C4532%2C4533%2C4537%2C4538%2C4540%2C4543%2C4546%2C4549%2C4552%2C4553%2C4555%2C4557%2C4561%2C4564%2C4565%2C4567%2C4569%2C4570%2C4572%2C4573%2C4578%2C3758%2C4581%2C4583%2C4586%2C4589%2C4591%2C4592%2C4594%2C4595%2C4597%2C4598%2C4603%2C4600%2C4601%2C4609%2C4612%2C4615%2C4616%2C4617%2C4618%2C4620%2C4621%2C4623%2C4628%2C4633%2C4636%2C4639%2C4667%2C4642%2C4643%2C4645%2C4648%2C4654%2C4657%2C4664%2C4665%2C4999%2C4670%2C4671%2C4682%2C4674%2C4675%2C4676%2C4679%2C4710%2C4712%2C4683%2C4684%2C4685%2C4688%2C4691%2C4697%2C4698%2C4700%2C4703%2C4706%2C4715%2C4718%2C4721%2C4722%2C4725%2C4726%2C4727%2C4728%2C4729%2C4730%2C4731%2C4734%2C4735%2C4737%2C4740%2C4741%2C4752%2C4753%2C4746%2C4749%2C5002%2C5003%2C4755%2C4757%2C4758%2C4759%2C4760%2C4761%2C4810%2C4765%2C4766%2C4768%2C4769%2C4771%2C4772%2C4774%2C4780%2C4781%2C4783%2C4786%2C4789%2C4790%2C4792%2C4795%2C4796%2C4798%2C4799%2C4801%2C4804%2C4819%2C4813%2C4816%2C4836%2C4822%2C4828%2C4830%2C4833%2C4842%2C4848%2C4849%2C4851%2C4852%2C4854%2C4861%2C4855%2C4858%2C4903%2C4864%2C4867%2C4868%2C4870%2C4872%2C4874%2C4879%2C4886%2C4889%2C4890%2C4896%2C4897%2C4901%2C4906%2C4907%2C4909%2C4910%2C4911%2C4912%2C4913%2C4914%2C4915%2C4916%2C4918%2C4930%2C4924%2C4925%2C4927%2C4931%2C4933%2C5007%2C4939%2C4942%2C4943%2C3359%2C3626%2C4948%2C4949%2C4950%2C4951%2C4952%2C4954%2C4955%2C4960%2C4963%2C4966%2C4968%2C4969%2C5008%2C5009%2C4971%2C4972%2C4973%2C4974%2C4976%2C4977%2C4979%2C4980%2C5010%2C5011%2C5013%2C5016%2C5018%2C5019%2C5021%2C5023%2C5026%2C5027%29 "HTTP/2 200 OK"
2025-06-28 07:54:00,741 - httpx - INFO - HTTP Request: GET https://aisqbjjpdztnuerniefl.supabase.co/rest/v1/strategy_greek_exposures?select=strategy_id%2Cnet_delta%2Cnet_gamma%2Cnet_theta%2Cnet_vega&strategy_id=in.%284982%2C4985%2C4987%2C4988%2C4990%2C4466%2C4468%2C4474%2C4477%2C4479%2C4482%2C4485%2C4487%2C4488%2C4490%2C4491%2C4493%2C4495%2C4497%2C4498%2C4500%2C4503%2C4506%2C4507%2C4508%2C4509%2C4511%2C4512%2C4514%2C4517%2C4520%2C4523%2C4526%2C4529%2C4532%2C4533%2C4537%2C4538%2C4540%2C4543%2C4546%2C4549%2C4552%2C4553%2C4555%2C4557%2C4561%2C4564%2C4565%2C4567%2C4569%2C4570%2C4572%2C4573%2C4578%2C3758%2C4581%2C4583%2C4586%2C4589%2C4591%2C4592%2C4594%2C4595%2C4597%2C4598%2C4603%2C4600%2C4601%2C4609%2C4612%2C4615%2C4616%2C4617%2C4618%2C4620%2C4621%2C4623%2C4628%2C4633%2C4636%2C4639%2C4667%2C4642%2C4643%2C4645%2C4648%2C4654%2C4657%2C4664%2C4665%2C4999%2C4670%2C4671%2C4682%2C4674%2C4675%2C4676%2C4679%2C4710%2C4712%2C4683%2C4684%2C4685%2C4688%2C4691%2C4697%2C4698%2C4700%2C4703%2C4706%2C4715%2C4718%2C4721%2C4722%2C4725%2C4726%2C4727%2C4728%2C4729%2C4730%2C4731%2C4734%2C4735%2C4737%2C4740%2C4741%2C4752%2C4753%2C4746%2C4749%2C5002%2C5003%2C4755%2C4757%2C4758%2C4759%2C4760%2C4761%2C4810%2C4765%2C4766%2C4768%2C4769%2C4771%2C4772%2C4774%2C4780%2C4781%2C4783%2C4786%2C4789%2C4790%2C4792%2C4795%2C4796%2C4798%2C4799%2C4801%2C4804%2C4819%2C4813%2C4816%2C4836%2C4822%2C4828%2C4830%2C4833%2C4842%2C4848%2C4849%2C4851%2C4852%2C4854%2C4861%2C4855%2C4858%2C4903%2C4864%2C4867%2C4868%2C4870%2C4872%2C4874%2C4879%2C4886%2C4889%2C4890%2C4896%2C4897%2C4901%2C4906%2C4907%2C4909%2C4910%2C4911%2C4912%2C4913%2C4914%2C4915%2C4916%2C4918%2C4930%2C4924%2C4925%2C4927%2C4931%2C4933%2C5007%2C4939%2C4942%2C4943%2C3359%2C3626%2C4948%2C4949%2C4950%2C4951%2C4952%2C4954%2C4955%2C4960%2C4963%2C4966%2C4968%2C4969%2C5008%2C5009%2C4971%2C4972%2C4973%2C4974%2C4976%2C4977%2C4979%2C4980%2C5010%2C5011%2C5013%2C5016%2C5018%2C5019%2C5021%2C5023%2C5026%2C5027%29 "HTTP/2 200 OK"
2025-06-28 07:54:00,805 - httpx - INFO - HTTP Request: GET https://aisqbjjpdztnuerniefl.supabase.co/rest/v1/stock_rankings?select=symbol%2Cmarket_cap_category&symbol=in.%28DMART%2CCIPLA%2CSUPREMEIND%2CMANAPPURAM%2CHDFCBANK%2CINDUSINDBK%2CFEDERALBNK%2CPOWERGRID%2CMPHASIS%2CIRB%2CCESC%2CIEX%2CMOTHERSON%2CINDIGO%2CGRANULES%2CDABUR%2CLICHSGFIN%2CM%26MFIN%2CICICIGI%2CHINDUNILVR%2CSAIL%2CMUTHOOTFIN%2CSBIN%2CMARUTI%2CGODREJPROP%2CNHPC%2CMARICO%2CAARTIIND%2CBEL%2CTATASTEEL%2CGLENMARK%2CBPCL%2CHDFCLIFE%2CPFC%2CABB%2CTATACHEM%2CLODHA%2CDELHIVERY%2CRELIANCE%2CSONACOMS%2CCYIENT%2CBALKRISIND%2CNATIONALUM%2COIL%2CHEROMOTOCO%2CTIINDIA%2CPAGEIND%2CPEL%2CDIVISLAB%2CMGL%2CTRENT%2CJINDALSTEL%2CNYKAA%2CPERSISTENT%2CBHEL%2CWIPRO%2CABCAPITAL%2CIDFCFIRSTB%2CPIIND%2CRECLTD%2CICICIPRULI%2CCROMPTON%2CPATANJALI%2CBANKINDIA%2CAUBANK%2CICICIBANK%2CAUROPHARMA%2CBRITANNIA%2CADANIENSOL%2CBHARATFORG%2CDLF%2CJIOFIN%2CUNIONBANK%2CTATACOMM%2CJSWSTEEL%2CCAMS%2CINFY%2CM%26M%2CCUMMINSIND%2CASTRAL%2CHINDPETRO%2CNCC%2CUPL%2CALKEM%2CTATATECH%2CKOTAKBANK%2CLT%2CADANIENT%2CIRFC%2CMCX%2CAMBUJACEM%2CTATAELXSI%2CNMDC%2CMFSL%2CBAJAJFINSV%2COFSS%2CADANIPORTS%2CNTPC%2CVOLTAS%2CSBICARD%2CCOALINDIA%2CJSL%2CLTF%2CCANBK%2CADANIGREEN%2CDALBHARAT%2CTITAGARH%2CTITAN%2CIGL%2CPNB%2CBANDHANBNK%2CCHAMBLFERT%2CNAUKRI%2CKEI%2CAPLAPOLLO%2CAXISBANK%2CBOSCHLTD%2CAPOLLOHOSP%2COBEROIRLTY%2CMAXHEALTH%2CKALYANKJIL%2CTATACONSUM%2CTORNTPHARM%2CHAL%2CINDIANB%2CBANKBARODA%2CCDSL%2CSRF%2CINDUSTOWER%2CBSOFT%2CGAIL%2CPHOENIXLTD%2CHINDZINC%2CPOLICYBZR%2CZYDUSLIFE%2CSYNGENE%2CLUPIN%2CGODREJCP%2CEICHERMOT%2CONGC%2CVBL%2CCONCOR%2CASIANPAINT%2CPNBHOUSING%2CTORNTPOWER%2CETERNAL%2CTECHM%2CSHRIRAMFIN%2CHINDALCO%2CIREDA%2CHDFCAMC%2CBIOCON%2CBHARTIARTL%2CLAURUSLABS%2CSIEMENS%2CJSWENERGY%2CSUNPHARMA%2CASHOKLEY%2CGRASIM%2CDRREDDY%2CTATAMOTORS%2CHCLTECH%2CLTIM%2CVEDL%2CDIXON%2CTVSMOTOR%2CEXIDEIND%2CKPITTECH%2CGMRAIRPORT%2CUNITDSPR%29 "HTTP/2 200 OK"
2025-06-28 07:54:00,809 - portfolio_allocation.core.hybrid_portfolio_engine - INFO - Loaded 246 strategies with lot sizes
2025-06-28 07:54:00,884 - httpx - INFO - HTTP Request: GET https://aisqbjjpdztnuerniefl.supabase.co/rest/v1/industry_allocations_current?select=industry%2Cweight_percentage%2Cposition_type "HTTP/2 200 OK"
2025-06-28 07:54:00,884 - portfolio_allocation.core.hybrid_portfolio_engine - INFO - Loaded 30 industry allocations with position types
2025-06-28 07:54:00,884 - portfolio_allocation.core.hybrid_portfolio_engine - INFO - LONG industries: 11, SHORT industries: 19
2025-06-28 07:54:00,884 - portfolio_allocation.core.hybrid_portfolio_engine - INFO - 
📊 Large Cap: ₹675,000 (45%)
2025-06-28 07:54:00,885 - portfolio_allocation.core.hybrid_portfolio_engine - INFO - INCOME tier: 3 strategies
2025-06-28 07:54:00,885 - portfolio_allocation.core.hybrid_portfolio_engine - INFO - MOMENTUM tier: 5 strategies
2025-06-28 07:54:00,885 - portfolio_allocation.core.hybrid_portfolio_engine - INFO - VOLATILITY tier: 1 strategies
2025-06-28 07:54:00,885 - portfolio_allocation.core.hybrid_portfolio_engine - INFO -   LONG: 2 positions, ₹315,438 deployed
2025-06-28 07:54:00,885 - portfolio_allocation.core.hybrid_portfolio_engine - INFO - INCOME tier: 4 strategies
2025-06-28 07:54:00,885 - portfolio_allocation.core.hybrid_portfolio_engine - INFO - MOMENTUM tier: 1 strategies
2025-06-28 07:54:00,885 - portfolio_allocation.core.hybrid_portfolio_engine - INFO - VOLATILITY tier: 2 strategies
2025-06-28 07:54:00,885 - portfolio_allocation.core.hybrid_portfolio_engine - INFO -   SHORT: 2 positions, ₹314,514 deployed
2025-06-28 07:54:00,885 - portfolio_allocation.core.hybrid_portfolio_engine - INFO - 
📊 Mid Cap: ₹450,000 (30%)
2025-06-28 07:54:00,885 - portfolio_allocation.core.hybrid_portfolio_engine - INFO - INCOME tier: 4 strategies
2025-06-28 07:54:00,885 - portfolio_allocation.core.hybrid_portfolio_engine - INFO - MOMENTUM tier: 9 strategies
2025-06-28 07:54:00,885 - portfolio_allocation.core.hybrid_portfolio_engine - INFO - VOLATILITY tier: 2 strategies
2025-06-28 07:54:00,885 - portfolio_allocation.core.hybrid_portfolio_engine - INFO -   LONG: 2 positions, ₹220,062 deployed
2025-06-28 07:54:00,885 - portfolio_allocation.core.hybrid_portfolio_engine - INFO - INCOME tier: 3 strategies
2025-06-28 07:54:00,885 - portfolio_allocation.core.hybrid_portfolio_engine - INFO - MOMENTUM tier: 1 strategies
2025-06-28 07:54:00,885 - portfolio_allocation.core.hybrid_portfolio_engine - INFO - VOLATILITY tier: 6 strategies
2025-06-28 07:54:00,886 - portfolio_allocation.core.hybrid_portfolio_engine - INFO -   SHORT: 2 positions, ₹223,448 deployed
2025-06-28 07:54:00,886 - portfolio_allocation.core.hybrid_portfolio_engine - INFO - 
📊 Small Cap: ₹300,000 (20%)
2025-06-28 07:54:00,886 - portfolio_allocation.core.hybrid_portfolio_engine - INFO - INCOME tier: 1 strategies
2025-06-28 07:54:00,886 - portfolio_allocation.core.hybrid_portfolio_engine - INFO - MOMENTUM tier: 3 strategies
2025-06-28 07:54:00,886 - portfolio_allocation.core.hybrid_portfolio_engine - INFO - VOLATILITY tier: 0 strategies
2025-06-28 07:54:00,886 - portfolio_allocation.core.hybrid_portfolio_engine - INFO -   LONG: 2 positions, ₹132,446 deployed
2025-06-28 07:54:00,886 - portfolio_allocation.core.hybrid_portfolio_engine - INFO - INCOME tier: 2 strategies
2025-06-28 07:54:00,886 - portfolio_allocation.core.hybrid_portfolio_engine - INFO - MOMENTUM tier: 0 strategies
2025-06-28 07:54:00,886 - portfolio_allocation.core.hybrid_portfolio_engine - INFO - VOLATILITY tier: 2 strategies
2025-06-28 07:54:00,886 - portfolio_allocation.core.hybrid_portfolio_engine - INFO -   SHORT: 2 positions, ₹143,840 deployed
2025-06-28 07:54:00,886 - portfolio_allocation.core.hybrid_portfolio_engine - INFO - 
📊 Micro Cap: ₹75,000 (5%)
2025-06-28 07:54:00,886 - portfolio_allocation.core.hybrid_portfolio_engine - INFO - INCOME tier: 0 strategies
2025-06-28 07:54:00,886 - portfolio_allocation.core.hybrid_portfolio_engine - INFO - MOMENTUM tier: 0 strategies
2025-06-28 07:54:00,886 - portfolio_allocation.core.hybrid_portfolio_engine - INFO - VOLATILITY tier: 0 strategies
2025-06-28 07:54:00,886 - portfolio_allocation.core.hybrid_portfolio_engine - INFO -   SHORT: 0 positions, ₹0 deployed
2025-06-28 07:54:00,886 - portfolio_allocation.core.hybrid_portfolio_engine - INFO - 
⚠️ Low deployment: 90.0%. Running second pass...
2025-06-28 07:54:00,886 - portfolio_allocation.core.hybrid_portfolio_engine - INFO - Added 1 positions in second pass
2025-06-28 07:54:00,886 - portfolio_allocation.core.hybrid_portfolio_engine - INFO - 
📊 PORTFOLIO SUMMARY:
2025-06-28 07:54:00,886 - portfolio_allocation.core.hybrid_portfolio_engine - INFO - Total positions: 13
2025-06-28 07:54:00,886 - portfolio_allocation.core.hybrid_portfolio_engine - INFO - Capital deployed: ₹1,499,623 (100.0%)
2025-06-28 07:54:00,886 - portfolio_allocation.core.hybrid_portfolio_engine - INFO - LONG capital: ₹667,946
2025-06-28 07:54:00,886 - portfolio_allocation.core.hybrid_portfolio_engine - INFO - SHORT capital: ₹831,677
2025-06-28 07:54:00,886 - portfolio_allocation.core.hybrid_portfolio_engine - INFO - Expected monthly income: ₹65,817
2025-06-28 08:04:35,526 - __main__ - INFO - Supabase client initialized successfully
2025-06-28 08:04:35,531 - SupabaseIntegration - INFO - Supabase client initialized successfully
2025-06-28 08:04:35,925 - httpx - INFO - HTTP Request: GET https://aisqbjjpdztnuerniefl.supabase.co/rest/v1/trades?select=security_id%2Csymbol%2Ctype%2Cstrategy%2Caction%2Cstrike_price%2Corder_status&order_status=eq.open "HTTP/2 200 OK"
2025-06-28 08:04:35,936 - portfolio_allocation.core.hybrid_portfolio_engine - INFO - Market Direction: neutral
2025-06-28 08:04:35,936 - portfolio_allocation.core.hybrid_portfolio_engine - INFO - Long/Short Allocation: 50%/50%
2025-06-28 08:04:35,936 - portfolio_allocation.core.hybrid_portfolio_engine - INFO - Market Cap Allocation: {'Large Cap': 45, 'Mid Cap': 30, 'Small Cap': 20, 'Micro Cap': 5}
2025-06-28 08:04:35,936 - portfolio_allocation.core.hybrid_portfolio_engine - INFO - Building hybrid portfolio with ₹1,500,000
2025-06-28 08:04:35,936 - portfolio_allocation.core.hybrid_portfolio_engine - INFO - Market Direction: neutral
2025-06-28 08:04:35,936 - portfolio_allocation.core.hybrid_portfolio_engine - INFO - Loading strategies with lot sizes...
2025-06-28 08:04:36,132 - httpx - INFO - HTTP Request: GET https://aisqbjjpdztnuerniefl.supabase.co/rest/v1/strategies?select=id%2Cstock_name%2Cstrategy_name%2Cnet_premium%2Cprobability_of_profit%2Crisk_reward_ratio%2Ctotal_score%2Cconviction_level%2Cstrategy_type%2Csector%2Cindustry%2Cmarket_view%2Ccomponent_scores&total_score=gte.0.6 "HTTP/2 200 OK"
2025-06-28 08:04:36,215 - httpx - INFO - HTTP Request: GET https://aisqbjjpdztnuerniefl.supabase.co/rest/v1/strategy_details?select=strategy_id%2Cquantity%2Cstrike_price%2Coption_type%2Csetup_type&strategy_id=in.%284982%2C4985%2C4987%2C4988%2C4990%2C4466%2C4468%2C4474%2C4477%2C4479%2C4482%2C4485%2C4487%2C4488%2C4490%2C4491%2C4493%2C4495%2C4497%2C4498%2C4500%2C4503%2C4506%2C4507%2C4508%2C4509%2C4511%2C4512%2C4514%2C4517%2C4520%2C4523%2C4526%2C4529%2C4532%2C4533%2C4537%2C4538%2C4540%2C4543%2C4546%2C4549%2C4552%2C4553%2C4555%2C4557%2C4561%2C4564%2C4565%2C4567%2C4569%2C4570%2C4572%2C4573%2C4578%2C3758%2C4581%2C4583%2C4586%2C4589%2C4591%2C4592%2C4594%2C4595%2C4597%2C4598%2C4603%2C4600%2C4601%2C4609%2C4612%2C4615%2C4616%2C4617%2C4618%2C4620%2C4621%2C4623%2C4628%2C4633%2C4636%2C4639%2C4667%2C4642%2C4643%2C4645%2C4648%2C4654%2C4657%2C4664%2C4665%2C4999%2C4670%2C4671%2C4682%2C4674%2C4675%2C4676%2C4679%2C4710%2C4712%2C4683%2C4684%2C4685%2C4688%2C4691%2C4697%2C4698%2C4700%2C4703%2C4706%2C4715%2C4718%2C4721%2C4722%2C4725%2C4726%2C4727%2C4728%2C4729%2C4730%2C4731%2C4734%2C4735%2C4737%2C4740%2C4741%2C4752%2C4753%2C4746%2C4749%2C5002%2C5003%2C4755%2C4757%2C4758%2C4759%2C4760%2C4761%2C4810%2C4765%2C4766%2C4768%2C4769%2C4771%2C4772%2C4774%2C4780%2C4781%2C4783%2C4786%2C4789%2C4790%2C4792%2C4795%2C4796%2C4798%2C4799%2C4801%2C4804%2C4819%2C4813%2C4816%2C4836%2C4822%2C4828%2C4830%2C4833%2C4842%2C4848%2C4849%2C4851%2C4852%2C4854%2C4861%2C4855%2C4858%2C4903%2C4864%2C4867%2C4868%2C4870%2C4872%2C4874%2C4879%2C4886%2C4889%2C4890%2C4896%2C4897%2C4901%2C4906%2C4907%2C4909%2C4910%2C4911%2C4912%2C4913%2C4914%2C4915%2C4916%2C4918%2C4930%2C4924%2C4925%2C4927%2C4931%2C4933%2C5007%2C4939%2C4942%2C4943%2C3359%2C3626%2C4948%2C4949%2C4950%2C4951%2C4952%2C4954%2C4955%2C4960%2C4963%2C4966%2C4968%2C4969%2C5008%2C5009%2C4971%2C4972%2C4973%2C4974%2C4976%2C4977%2C4979%2C4980%2C5010%2C5011%2C5013%2C5016%2C5018%2C5019%2C5021%2C5023%2C5026%2C5027%29 "HTTP/2 200 OK"
2025-06-28 08:04:36,293 - httpx - INFO - HTTP Request: GET https://aisqbjjpdztnuerniefl.supabase.co/rest/v1/strategy_greek_exposures?select=strategy_id%2Cnet_delta%2Cnet_gamma%2Cnet_theta%2Cnet_vega&strategy_id=in.%284982%2C4985%2C4987%2C4988%2C4990%2C4466%2C4468%2C4474%2C4477%2C4479%2C4482%2C4485%2C4487%2C4488%2C4490%2C4491%2C4493%2C4495%2C4497%2C4498%2C4500%2C4503%2C4506%2C4507%2C4508%2C4509%2C4511%2C4512%2C4514%2C4517%2C4520%2C4523%2C4526%2C4529%2C4532%2C4533%2C4537%2C4538%2C4540%2C4543%2C4546%2C4549%2C4552%2C4553%2C4555%2C4557%2C4561%2C4564%2C4565%2C4567%2C4569%2C4570%2C4572%2C4573%2C4578%2C3758%2C4581%2C4583%2C4586%2C4589%2C4591%2C4592%2C4594%2C4595%2C4597%2C4598%2C4603%2C4600%2C4601%2C4609%2C4612%2C4615%2C4616%2C4617%2C4618%2C4620%2C4621%2C4623%2C4628%2C4633%2C4636%2C4639%2C4667%2C4642%2C4643%2C4645%2C4648%2C4654%2C4657%2C4664%2C4665%2C4999%2C4670%2C4671%2C4682%2C4674%2C4675%2C4676%2C4679%2C4710%2C4712%2C4683%2C4684%2C4685%2C4688%2C4691%2C4697%2C4698%2C4700%2C4703%2C4706%2C4715%2C4718%2C4721%2C4722%2C4725%2C4726%2C4727%2C4728%2C4729%2C4730%2C4731%2C4734%2C4735%2C4737%2C4740%2C4741%2C4752%2C4753%2C4746%2C4749%2C5002%2C5003%2C4755%2C4757%2C4758%2C4759%2C4760%2C4761%2C4810%2C4765%2C4766%2C4768%2C4769%2C4771%2C4772%2C4774%2C4780%2C4781%2C4783%2C4786%2C4789%2C4790%2C4792%2C4795%2C4796%2C4798%2C4799%2C4801%2C4804%2C4819%2C4813%2C4816%2C4836%2C4822%2C4828%2C4830%2C4833%2C4842%2C4848%2C4849%2C4851%2C4852%2C4854%2C4861%2C4855%2C4858%2C4903%2C4864%2C4867%2C4868%2C4870%2C4872%2C4874%2C4879%2C4886%2C4889%2C4890%2C4896%2C4897%2C4901%2C4906%2C4907%2C4909%2C4910%2C4911%2C4912%2C4913%2C4914%2C4915%2C4916%2C4918%2C4930%2C4924%2C4925%2C4927%2C4931%2C4933%2C5007%2C4939%2C4942%2C4943%2C3359%2C3626%2C4948%2C4949%2C4950%2C4951%2C4952%2C4954%2C4955%2C4960%2C4963%2C4966%2C4968%2C4969%2C5008%2C5009%2C4971%2C4972%2C4973%2C4974%2C4976%2C4977%2C4979%2C4980%2C5010%2C5011%2C5013%2C5016%2C5018%2C5019%2C5021%2C5023%2C5026%2C5027%29 "HTTP/2 200 OK"
2025-06-28 08:04:36,368 - httpx - INFO - HTTP Request: GET https://aisqbjjpdztnuerniefl.supabase.co/rest/v1/stock_rankings?select=symbol%2Cmarket_cap_category&symbol=in.%28MANAPPURAM%2CPHOENIXLTD%2CMPHASIS%2CINDUSTOWER%2CTECHM%2CNCC%2CPIIND%2CIREDA%2CMFSL%2CGODREJPROP%2CCANBK%2CAXISBANK%2CDRREDDY%2CTATASTEEL%2CWIPRO%2CPEL%2CMGL%2CHINDPETRO%2CMOTHERSON%2CBANKINDIA%2CBANDHANBNK%2CTIINDIA%2CDELHIVERY%2CIEX%2CTATAMOTORS%2CJINDALSTEL%2CCOALINDIA%2CLODHA%2CSHRIRAMFIN%2CSUPREMEIND%2CTATACHEM%2CUNIONBANK%2CCUMMINSIND%2CADANIENT%2CNYKAA%2CSUNPHARMA%2CRECLTD%2COBEROIRLTY%2CVOLTAS%2CAARTIIND%2CM%26MFIN%2CHCLTECH%2CASHOKLEY%2CBHARATFORG%2CJSL%2CJIOFIN%2CPERSISTENT%2CTVSMOTOR%2CDIVISLAB%2CNMDC%2CRELIANCE%2CHDFCBANK%2CJSWSTEEL%2CGRASIM%2CLTF%2CTORNTPHARM%2CMARUTI%2CSYNGENE%2CAUROPHARMA%2CLUPIN%2CUPL%2CTATAELXSI%2CLAURUSLABS%2CSONACOMS%2CMUTHOOTFIN%2CBOSCHLTD%2CICICIGI%2CPOLICYBZR%2CGLENMARK%2CDLF%2CIRB%2CHAL%2CGODREJCP%2CKEI%2CTATACONSUM%2CM%26M%2CABCAPITAL%2CGMRAIRPORT%2CNATIONALUM%2CDMART%2COFSS%2CAPLAPOLLO%2CTATATECH%2CCIPLA%2CDALBHARAT%2CTORNTPOWER%2CIRFC%2CPNBHOUSING%2CNHPC%2CBALKRISIND%2CHEROMOTOCO%2CADANIENSOL%2CBHEL%2CIDFCFIRSTB%2CADANIPORTS%2CDIXON%2CBIOCON%2CNTPC%2CLICHSGFIN%2CIGL%2CBEL%2CLTIM%2CICICIBANK%2CTITAGARH%2CADANIGREEN%2CCESC%2CBRITANNIA%2CVEDL%2CEICHERMOT%2CABB%2CJSWENERGY%2CAUBANK%2CCYIENT%2CBSOFT%2CBAJAJFINSV%2CCDSL%2CBPCL%2CMARICO%2CCHAMBLFERT%2CCAMS%2CGAIL%2CVBL%2CLT%2CPNB%2CSAIL%2CPOWERGRID%2CKPITTECH%2CINDIANB%2CTRENT%2CPAGEIND%2CALKEM%2CETERNAL%2CUNITDSPR%2CCROMPTON%2CASTRAL%2CSIEMENS%2CMCX%2CONGC%2CINDUSINDBK%2CINDIGO%2CMAXHEALTH%2CCONCOR%2CKALYANKJIL%2CICICIPRULI%2CZYDUSLIFE%2CHINDALCO%2CAMBUJACEM%2CHINDUNILVR%2CPFC%2CGRANULES%2CBHARTIARTL%2CHINDZINC%2CHDFCAMC%2CTITAN%2CBANKBARODA%2CSBICARD%2CSBIN%2CSRF%2CAPOLLOHOSP%2CFEDERALBNK%2COIL%2CASIANPAINT%2CINFY%2CTATACOMM%2CNAUKRI%2CDABUR%2CHDFCLIFE%2CEXIDEIND%2CPATANJALI%2CKOTAKBANK%29 "HTTP/2 200 OK"
2025-06-28 08:04:36,373 - portfolio_allocation.core.hybrid_portfolio_engine - INFO - Loaded 246 strategies with lot sizes
2025-06-28 08:04:36,433 - httpx - INFO - HTTP Request: GET https://aisqbjjpdztnuerniefl.supabase.co/rest/v1/industry_allocations_current?select=industry%2Cweight_percentage%2Cposition_type "HTTP/2 200 OK"
2025-06-28 08:04:36,434 - portfolio_allocation.core.hybrid_portfolio_engine - INFO - Loaded 30 industry allocations with position types
2025-06-28 08:04:36,434 - portfolio_allocation.core.hybrid_portfolio_engine - INFO - LONG industries: 11, SHORT industries: 19
2025-06-28 08:04:36,434 - portfolio_allocation.core.hybrid_portfolio_engine - INFO - 
📊 Large Cap: ₹675,000 (45%)
2025-06-28 08:04:36,434 - portfolio_allocation.core.hybrid_portfolio_engine - INFO - INCOME tier: 3 strategies
2025-06-28 08:04:36,434 - portfolio_allocation.core.hybrid_portfolio_engine - INFO - MOMENTUM tier: 5 strategies
2025-06-28 08:04:36,434 - portfolio_allocation.core.hybrid_portfolio_engine - INFO - VOLATILITY tier: 1 strategies
2025-06-28 08:04:36,434 - portfolio_allocation.core.hybrid_portfolio_engine - INFO -   LONG: 2 positions, ₹315,438 deployed
2025-06-28 08:04:36,434 - portfolio_allocation.core.hybrid_portfolio_engine - INFO - INCOME tier: 4 strategies
2025-06-28 08:04:36,434 - portfolio_allocation.core.hybrid_portfolio_engine - INFO - MOMENTUM tier: 1 strategies
2025-06-28 08:04:36,434 - portfolio_allocation.core.hybrid_portfolio_engine - INFO - VOLATILITY tier: 2 strategies
2025-06-28 08:04:36,435 - portfolio_allocation.core.hybrid_portfolio_engine - INFO -   SHORT: 2 positions, ₹314,514 deployed
2025-06-28 08:04:36,435 - portfolio_allocation.core.hybrid_portfolio_engine - INFO - 
📊 Mid Cap: ₹450,000 (30%)
2025-06-28 08:04:36,435 - portfolio_allocation.core.hybrid_portfolio_engine - INFO - INCOME tier: 4 strategies
2025-06-28 08:04:36,435 - portfolio_allocation.core.hybrid_portfolio_engine - INFO - MOMENTUM tier: 9 strategies
2025-06-28 08:04:36,435 - portfolio_allocation.core.hybrid_portfolio_engine - INFO - VOLATILITY tier: 2 strategies
2025-06-28 08:04:36,435 - portfolio_allocation.core.hybrid_portfolio_engine - INFO -   LONG: 2 positions, ₹220,062 deployed
2025-06-28 08:04:36,435 - portfolio_allocation.core.hybrid_portfolio_engine - INFO - INCOME tier: 3 strategies
2025-06-28 08:04:36,435 - portfolio_allocation.core.hybrid_portfolio_engine - INFO - MOMENTUM tier: 1 strategies
2025-06-28 08:04:36,435 - portfolio_allocation.core.hybrid_portfolio_engine - INFO - VOLATILITY tier: 6 strategies
2025-06-28 08:04:36,435 - portfolio_allocation.core.hybrid_portfolio_engine - INFO -   SHORT: 2 positions, ₹223,448 deployed
2025-06-28 08:04:36,435 - portfolio_allocation.core.hybrid_portfolio_engine - INFO - 
📊 Small Cap: ₹300,000 (20%)
2025-06-28 08:04:36,435 - portfolio_allocation.core.hybrid_portfolio_engine - INFO - INCOME tier: 1 strategies
2025-06-28 08:04:36,435 - portfolio_allocation.core.hybrid_portfolio_engine - INFO - MOMENTUM tier: 3 strategies
2025-06-28 08:04:36,435 - portfolio_allocation.core.hybrid_portfolio_engine - INFO - VOLATILITY tier: 0 strategies
2025-06-28 08:04:36,435 - portfolio_allocation.core.hybrid_portfolio_engine - INFO -   LONG: 2 positions, ₹132,446 deployed
2025-06-28 08:04:36,435 - portfolio_allocation.core.hybrid_portfolio_engine - INFO - INCOME tier: 2 strategies
2025-06-28 08:04:36,435 - portfolio_allocation.core.hybrid_portfolio_engine - INFO - MOMENTUM tier: 0 strategies
2025-06-28 08:04:36,435 - portfolio_allocation.core.hybrid_portfolio_engine - INFO - VOLATILITY tier: 2 strategies
2025-06-28 08:04:36,435 - portfolio_allocation.core.hybrid_portfolio_engine - INFO -   SHORT: 2 positions, ₹143,840 deployed
2025-06-28 08:04:36,435 - portfolio_allocation.core.hybrid_portfolio_engine - INFO - 
📊 Micro Cap: ₹75,000 (5%)
2025-06-28 08:04:36,435 - portfolio_allocation.core.hybrid_portfolio_engine - INFO - INCOME tier: 0 strategies
2025-06-28 08:04:36,435 - portfolio_allocation.core.hybrid_portfolio_engine - INFO - MOMENTUM tier: 0 strategies
2025-06-28 08:04:36,435 - portfolio_allocation.core.hybrid_portfolio_engine - INFO - VOLATILITY tier: 0 strategies
2025-06-28 08:04:36,435 - portfolio_allocation.core.hybrid_portfolio_engine - INFO -   SHORT: 0 positions, ₹0 deployed
2025-06-28 08:04:36,435 - portfolio_allocation.core.hybrid_portfolio_engine - INFO - 
⚠️ Low deployment: 90.0%. Running second pass...
2025-06-28 08:04:36,436 - portfolio_allocation.core.hybrid_portfolio_engine - INFO - Added 1 positions in second pass
2025-06-28 08:04:36,436 - portfolio_allocation.core.hybrid_portfolio_engine - INFO - 
📊 PORTFOLIO SUMMARY:
2025-06-28 08:04:36,436 - portfolio_allocation.core.hybrid_portfolio_engine - INFO - Total positions: 13
2025-06-28 08:04:36,436 - portfolio_allocation.core.hybrid_portfolio_engine - INFO - Capital deployed: ₹1,499,623 (100.0%)
2025-06-28 08:04:36,436 - portfolio_allocation.core.hybrid_portfolio_engine - INFO - LONG capital: ₹667,946
2025-06-28 08:04:36,436 - portfolio_allocation.core.hybrid_portfolio_engine - INFO - SHORT capital: ₹831,677
2025-06-28 08:04:36,436 - portfolio_allocation.core.hybrid_portfolio_engine - INFO - Expected monthly income: ₹65,817
2025-06-28 08:12:45,363 - __main__ - INFO - Supabase client initialized successfully
2025-06-28 08:12:45,367 - SupabaseIntegration - INFO - Supabase client initialized successfully
2025-06-28 08:12:45,878 - httpx - INFO - HTTP Request: GET https://aisqbjjpdztnuerniefl.supabase.co/rest/v1/trades?select=security_id%2Csymbol%2Ctype%2Cstrategy%2Caction%2Cstrike_price%2Corder_status&order_status=eq.open "HTTP/2 200 OK"
2025-06-28 08:12:45,883 - portfolio_allocation.core.hybrid_portfolio_engine - INFO - Market Direction: neutral
2025-06-28 08:12:45,883 - portfolio_allocation.core.hybrid_portfolio_engine - INFO - Long/Short Allocation: 50%/50%
2025-06-28 08:12:45,883 - portfolio_allocation.core.hybrid_portfolio_engine - INFO - Market Cap Allocation: {'Large Cap': 45, 'Mid Cap': 30, 'Small Cap': 20, 'Micro Cap': 5}
2025-06-28 08:12:45,883 - portfolio_allocation.core.hybrid_portfolio_engine - INFO - Building hybrid portfolio with ₹1,500,000
2025-06-28 08:12:45,883 - portfolio_allocation.core.hybrid_portfolio_engine - INFO - Market Direction: neutral
2025-06-28 08:12:45,883 - portfolio_allocation.core.hybrid_portfolio_engine - INFO - Loading strategies with lot sizes...
2025-06-28 08:12:46,272 - httpx - INFO - HTTP Request: GET https://aisqbjjpdztnuerniefl.supabase.co/rest/v1/strategies?select=id%2Cstock_name%2Cstrategy_name%2Cnet_premium%2Cprobability_of_profit%2Crisk_reward_ratio%2Ctotal_score%2Cconviction_level%2Cstrategy_type%2Csector%2Cindustry%2Cmarket_view%2Ccomponent_scores&total_score=gte.0.6 "HTTP/2 200 OK"
2025-06-28 08:12:46,356 - httpx - INFO - HTTP Request: GET https://aisqbjjpdztnuerniefl.supabase.co/rest/v1/strategy_details?select=strategy_id%2Cquantity%2Cstrike_price%2Coption_type%2Csetup_type&strategy_id=in.%284982%2C4985%2C4987%2C4988%2C4990%2C4466%2C4468%2C4474%2C4477%2C4479%2C4482%2C4485%2C4487%2C4488%2C4490%2C4491%2C4493%2C4495%2C4497%2C4498%2C4500%2C4503%2C4506%2C4507%2C4508%2C4509%2C4511%2C4512%2C4514%2C4517%2C4520%2C4523%2C4526%2C4529%2C4532%2C4533%2C4537%2C4538%2C4540%2C4543%2C4546%2C4549%2C4552%2C4553%2C4555%2C4557%2C4561%2C4564%2C4565%2C4567%2C4569%2C4570%2C4572%2C4573%2C4578%2C3758%2C4581%2C4583%2C4586%2C4589%2C4591%2C4592%2C4594%2C4595%2C4597%2C4598%2C4603%2C4600%2C4601%2C4609%2C4612%2C4615%2C4616%2C4617%2C4618%2C4620%2C4621%2C4623%2C4628%2C4633%2C4636%2C4639%2C4667%2C4642%2C4643%2C4645%2C4648%2C4654%2C4657%2C4664%2C4665%2C4999%2C4670%2C4671%2C4682%2C4674%2C4675%2C4676%2C4679%2C4710%2C4712%2C4683%2C4684%2C4685%2C4688%2C4691%2C4697%2C4698%2C4700%2C4703%2C4706%2C4715%2C4718%2C4721%2C4722%2C4725%2C4726%2C4727%2C4728%2C4729%2C4730%2C4731%2C4734%2C4735%2C4737%2C4740%2C4741%2C4752%2C4753%2C4746%2C4749%2C5002%2C5003%2C4755%2C4757%2C4758%2C4759%2C4760%2C4761%2C4810%2C4765%2C4766%2C4768%2C4769%2C4771%2C4772%2C4774%2C4780%2C4781%2C4783%2C4786%2C4789%2C4790%2C4792%2C4795%2C4796%2C4798%2C4799%2C4801%2C4804%2C4819%2C4813%2C4816%2C4836%2C4822%2C4828%2C4830%2C4833%2C4842%2C4848%2C4849%2C4851%2C4852%2C4854%2C4861%2C4855%2C4858%2C4903%2C4864%2C4867%2C4868%2C4870%2C4872%2C4874%2C4879%2C4886%2C4889%2C4890%2C4896%2C4897%2C4901%2C4906%2C4907%2C4909%2C4910%2C4911%2C4912%2C4913%2C4914%2C4915%2C4916%2C4918%2C4930%2C4924%2C4925%2C4927%2C4931%2C4933%2C5007%2C4939%2C4942%2C4943%2C3359%2C3626%2C4948%2C4949%2C4950%2C4951%2C4952%2C4954%2C4955%2C4960%2C4963%2C4966%2C4968%2C4969%2C5008%2C5009%2C4971%2C4972%2C4973%2C4974%2C4976%2C4977%2C4979%2C4980%2C5010%2C5011%2C5013%2C5016%2C5018%2C5019%2C5021%2C5023%2C5026%2C5027%29 "HTTP/2 200 OK"
2025-06-28 08:12:46,425 - httpx - INFO - HTTP Request: GET https://aisqbjjpdztnuerniefl.supabase.co/rest/v1/strategy_greek_exposures?select=strategy_id%2Cnet_delta%2Cnet_gamma%2Cnet_theta%2Cnet_vega&strategy_id=in.%284982%2C4985%2C4987%2C4988%2C4990%2C4466%2C4468%2C4474%2C4477%2C4479%2C4482%2C4485%2C4487%2C4488%2C4490%2C4491%2C4493%2C4495%2C4497%2C4498%2C4500%2C4503%2C4506%2C4507%2C4508%2C4509%2C4511%2C4512%2C4514%2C4517%2C4520%2C4523%2C4526%2C4529%2C4532%2C4533%2C4537%2C4538%2C4540%2C4543%2C4546%2C4549%2C4552%2C4553%2C4555%2C4557%2C4561%2C4564%2C4565%2C4567%2C4569%2C4570%2C4572%2C4573%2C4578%2C3758%2C4581%2C4583%2C4586%2C4589%2C4591%2C4592%2C4594%2C4595%2C4597%2C4598%2C4603%2C4600%2C4601%2C4609%2C4612%2C4615%2C4616%2C4617%2C4618%2C4620%2C4621%2C4623%2C4628%2C4633%2C4636%2C4639%2C4667%2C4642%2C4643%2C4645%2C4648%2C4654%2C4657%2C4664%2C4665%2C4999%2C4670%2C4671%2C4682%2C4674%2C4675%2C4676%2C4679%2C4710%2C4712%2C4683%2C4684%2C4685%2C4688%2C4691%2C4697%2C4698%2C4700%2C4703%2C4706%2C4715%2C4718%2C4721%2C4722%2C4725%2C4726%2C4727%2C4728%2C4729%2C4730%2C4731%2C4734%2C4735%2C4737%2C4740%2C4741%2C4752%2C4753%2C4746%2C4749%2C5002%2C5003%2C4755%2C4757%2C4758%2C4759%2C4760%2C4761%2C4810%2C4765%2C4766%2C4768%2C4769%2C4771%2C4772%2C4774%2C4780%2C4781%2C4783%2C4786%2C4789%2C4790%2C4792%2C4795%2C4796%2C4798%2C4799%2C4801%2C4804%2C4819%2C4813%2C4816%2C4836%2C4822%2C4828%2C4830%2C4833%2C4842%2C4848%2C4849%2C4851%2C4852%2C4854%2C4861%2C4855%2C4858%2C4903%2C4864%2C4867%2C4868%2C4870%2C4872%2C4874%2C4879%2C4886%2C4889%2C4890%2C4896%2C4897%2C4901%2C4906%2C4907%2C4909%2C4910%2C4911%2C4912%2C4913%2C4914%2C4915%2C4916%2C4918%2C4930%2C4924%2C4925%2C4927%2C4931%2C4933%2C5007%2C4939%2C4942%2C4943%2C3359%2C3626%2C4948%2C4949%2C4950%2C4951%2C4952%2C4954%2C4955%2C4960%2C4963%2C4966%2C4968%2C4969%2C5008%2C5009%2C4971%2C4972%2C4973%2C4974%2C4976%2C4977%2C4979%2C4980%2C5010%2C5011%2C5013%2C5016%2C5018%2C5019%2C5021%2C5023%2C5026%2C5027%29 "HTTP/2 200 OK"
2025-06-28 08:12:46,499 - httpx - INFO - HTTP Request: GET https://aisqbjjpdztnuerniefl.supabase.co/rest/v1/stock_rankings?select=symbol%2Cmarket_cap_category&symbol=in.%28DMART%2CBEL%2CCROMPTON%2CPNBHOUSING%2CALKEM%2CINDIGO%2COFSS%2CTATATECH%2CNAUKRI%2CHINDALCO%2CCESC%2CGRANULES%2CPOLICYBZR%2CIDFCFIRSTB%2CUNITDSPR%2CTORNTPOWER%2CICICIGI%2CADANIENSOL%2CMARUTI%2CSRF%2CGMRAIRPORT%2CABB%2CVBL%2CRELIANCE%2CKPITTECH%2CTATACHEM%2CTATACOMM%2CINDIANB%2CTIINDIA%2CJSL%2CTATAELXSI%2CBANKBARODA%2CGODREJPROP%2CCOALINDIA%2CKEI%2CBHARATFORG%2CKOTAKBANK%2CNHPC%2CPERSISTENT%2CBRITANNIA%2CDRREDDY%2CCAMS%2CHDFCAMC%2CAUROPHARMA%2CLUPIN%2CIRB%2CLTIM%2COBEROIRLTY%2CEXIDEIND%2CDIXON%2CVEDL%2CMOTHERSON%2CADANIENT%2CMAXHEALTH%2CBANDHANBNK%2CBALKRISIND%2CDELHIVERY%2CKALYANKJIL%2CGRASIM%2CPAGEIND%2CSUPREMEIND%2CAPLAPOLLO%2CDIVISLAB%2CICICIBANK%2CUNIONBANK%2CPIIND%2CSIEMENS%2CCUMMINSIND%2CHEROMOTOCO%2CEICHERMOT%2CRECLTD%2CWIPRO%2CLAURUSLABS%2CM%26MFIN%2CADANIPORTS%2CIEX%2CPATANJALI%2CPEL%2CHDFCLIFE%2CMFSL%2CCONCOR%2CMARICO%2CAXISBANK%2CGODREJCP%2CIRFC%2CPHOENIXLTD%2CNCC%2CLTF%2CINDUSINDBK%2CTATASTEEL%2CFEDERALBNK%2CMUTHOOTFIN%2CMGL%2CTITAGARH%2CCYIENT%2COIL%2CBSOFT%2CDABUR%2CHINDZINC%2CNYKAA%2CAUBANK%2CMANAPPURAM%2CUPL%2CZYDUSLIFE%2CBIOCON%2CASHOKLEY%2CTITAN%2CDALBHARAT%2CIGL%2CSUNPHARMA%2CTATAMOTORS%2CSHRIRAMFIN%2CBHEL%2CBANKINDIA%2CJSWSTEEL%2CADANIGREEN%2CTVSMOTOR%2CTECHM%2CASIANPAINT%2CTORNTPHARM%2CGAIL%2CSBIN%2CJIOFIN%2CINDUSTOWER%2CSBICARD%2CSYNGENE%2CVOLTAS%2CAMBUJACEM%2CMCX%2CICICIPRULI%2CAARTIIND%2CCANBK%2CNATIONALUM%2CHCLTECH%2CTATACONSUM%2CIREDA%2CCIPLA%2CPNB%2CBAJAJFINSV%2CCDSL%2CNTPC%2CBPCL%2CLICHSGFIN%2CHINDUNILVR%2CPOWERGRID%2CSONACOMS%2CCHAMBLFERT%2CPFC%2CGLENMARK%2CDLF%2CNMDC%2CBOSCHLTD%2CTRENT%2CONGC%2CABCAPITAL%2CJSWENERGY%2CSAIL%2CHAL%2CBHARTIARTL%2CMPHASIS%2CHINDPETRO%2CLT%2CASTRAL%2CETERNAL%2CM%26M%2CINFY%2CAPOLLOHOSP%2CLODHA%2CHDFCBANK%2CJINDALSTEL%29 "HTTP/2 200 OK"
2025-06-28 08:12:46,503 - portfolio_allocation.core.hybrid_portfolio_engine - INFO - Loaded 246 strategies with lot sizes
2025-06-28 08:12:46,569 - httpx - INFO - HTTP Request: GET https://aisqbjjpdztnuerniefl.supabase.co/rest/v1/industry_allocations_current?select=industry%2Cweight_percentage%2Cposition_type "HTTP/2 200 OK"
2025-06-28 08:12:46,569 - portfolio_allocation.core.hybrid_portfolio_engine - INFO - Loaded 30 industry allocations with position types
2025-06-28 08:12:46,569 - portfolio_allocation.core.hybrid_portfolio_engine - INFO - LONG industries: 11, SHORT industries: 19
2025-06-28 08:12:46,569 - portfolio_allocation.core.hybrid_portfolio_engine - INFO - 
📊 Large Cap: ₹675,000 (45%)
2025-06-28 08:12:46,569 - portfolio_allocation.core.hybrid_portfolio_engine - INFO - INCOME tier: 3 strategies
2025-06-28 08:12:46,569 - portfolio_allocation.core.hybrid_portfolio_engine - INFO - MOMENTUM tier: 5 strategies
2025-06-28 08:12:46,569 - portfolio_allocation.core.hybrid_portfolio_engine - INFO - VOLATILITY tier: 1 strategies
2025-06-28 08:12:46,569 - portfolio_allocation.core.hybrid_portfolio_engine - INFO -   LONG: 2 positions, ₹315,438 deployed
2025-06-28 08:12:46,570 - portfolio_allocation.core.hybrid_portfolio_engine - INFO - INCOME tier: 4 strategies
2025-06-28 08:12:46,570 - portfolio_allocation.core.hybrid_portfolio_engine - INFO - MOMENTUM tier: 1 strategies
2025-06-28 08:12:46,570 - portfolio_allocation.core.hybrid_portfolio_engine - INFO - VOLATILITY tier: 2 strategies
2025-06-28 08:12:46,570 - portfolio_allocation.core.hybrid_portfolio_engine - INFO -   SHORT: 2 positions, ₹314,514 deployed
2025-06-28 08:12:46,570 - portfolio_allocation.core.hybrid_portfolio_engine - INFO - 
📊 Mid Cap: ₹450,000 (30%)
2025-06-28 08:12:46,570 - portfolio_allocation.core.hybrid_portfolio_engine - INFO - INCOME tier: 4 strategies
2025-06-28 08:12:46,570 - portfolio_allocation.core.hybrid_portfolio_engine - INFO - MOMENTUM tier: 9 strategies
2025-06-28 08:12:46,570 - portfolio_allocation.core.hybrid_portfolio_engine - INFO - VOLATILITY tier: 2 strategies
2025-06-28 08:12:46,570 - portfolio_allocation.core.hybrid_portfolio_engine - INFO -   LONG: 2 positions, ₹220,062 deployed
2025-06-28 08:12:46,570 - portfolio_allocation.core.hybrid_portfolio_engine - INFO - INCOME tier: 3 strategies
2025-06-28 08:12:46,570 - portfolio_allocation.core.hybrid_portfolio_engine - INFO - MOMENTUM tier: 1 strategies
2025-06-28 08:12:46,570 - portfolio_allocation.core.hybrid_portfolio_engine - INFO - VOLATILITY tier: 6 strategies
2025-06-28 08:12:46,570 - portfolio_allocation.core.hybrid_portfolio_engine - INFO -   SHORT: 2 positions, ₹223,448 deployed
2025-06-28 08:12:46,570 - portfolio_allocation.core.hybrid_portfolio_engine - INFO - 
📊 Small Cap: ₹300,000 (20%)
2025-06-28 08:12:46,570 - portfolio_allocation.core.hybrid_portfolio_engine - INFO - INCOME tier: 1 strategies
2025-06-28 08:12:46,570 - portfolio_allocation.core.hybrid_portfolio_engine - INFO - MOMENTUM tier: 3 strategies
2025-06-28 08:12:46,570 - portfolio_allocation.core.hybrid_portfolio_engine - INFO - VOLATILITY tier: 0 strategies
2025-06-28 08:12:46,570 - portfolio_allocation.core.hybrid_portfolio_engine - INFO -   LONG: 2 positions, ₹132,446 deployed
2025-06-28 08:12:46,570 - portfolio_allocation.core.hybrid_portfolio_engine - INFO - INCOME tier: 2 strategies
2025-06-28 08:12:46,570 - portfolio_allocation.core.hybrid_portfolio_engine - INFO - MOMENTUM tier: 0 strategies
2025-06-28 08:12:46,570 - portfolio_allocation.core.hybrid_portfolio_engine - INFO - VOLATILITY tier: 2 strategies
2025-06-28 08:12:46,570 - portfolio_allocation.core.hybrid_portfolio_engine - INFO -   SHORT: 2 positions, ₹143,840 deployed
2025-06-28 08:12:46,570 - portfolio_allocation.core.hybrid_portfolio_engine - INFO - 
📊 Micro Cap: ₹75,000 (5%)
2025-06-28 08:12:46,570 - portfolio_allocation.core.hybrid_portfolio_engine - INFO - INCOME tier: 0 strategies
2025-06-28 08:12:46,570 - portfolio_allocation.core.hybrid_portfolio_engine - INFO - MOMENTUM tier: 0 strategies
2025-06-28 08:12:46,570 - portfolio_allocation.core.hybrid_portfolio_engine - INFO - VOLATILITY tier: 0 strategies
2025-06-28 08:12:46,570 - portfolio_allocation.core.hybrid_portfolio_engine - INFO -   SHORT: 0 positions, ₹0 deployed
2025-06-28 08:12:46,570 - portfolio_allocation.core.hybrid_portfolio_engine - INFO - 
⚠️ Low deployment: 90.0%. Running second pass...
2025-06-28 08:12:46,570 - portfolio_allocation.core.hybrid_portfolio_engine - INFO - Added 1 positions in second pass
2025-06-28 08:12:46,570 - portfolio_allocation.core.hybrid_portfolio_engine - INFO - 
📊 PORTFOLIO SUMMARY:
2025-06-28 08:12:46,570 - portfolio_allocation.core.hybrid_portfolio_engine - INFO - Total positions: 13
2025-06-28 08:12:46,570 - portfolio_allocation.core.hybrid_portfolio_engine - INFO - Capital deployed: ₹1,499,623 (100.0%)
2025-06-28 08:12:46,570 - portfolio_allocation.core.hybrid_portfolio_engine - INFO - LONG capital: ₹667,946
2025-06-28 08:12:46,570 - portfolio_allocation.core.hybrid_portfolio_engine - INFO - SHORT capital: ₹831,677
2025-06-28 08:12:46,570 - portfolio_allocation.core.hybrid_portfolio_engine - INFO - Expected monthly income: ₹65,817
2025-06-28 08:13:42,044 - __main__ - INFO - Supabase client initialized successfully
2025-06-28 08:13:42,048 - SupabaseIntegration - INFO - Supabase client initialized successfully
2025-06-28 08:13:42,396 - httpx - INFO - HTTP Request: GET https://aisqbjjpdztnuerniefl.supabase.co/rest/v1/trades?select=security_id%2Csymbol%2Ctype%2Cstrategy%2Caction%2Cstrike_price%2Corder_status&order_status=eq.open "HTTP/2 200 OK"
2025-06-28 08:13:42,404 - portfolio_allocation.core.hybrid_portfolio_engine - INFO - Market Direction: neutral
2025-06-28 08:13:42,404 - portfolio_allocation.core.hybrid_portfolio_engine - INFO - Long/Short Allocation: 50%/50%
2025-06-28 08:13:42,404 - portfolio_allocation.core.hybrid_portfolio_engine - INFO - Market Cap Allocation: {'Large Cap': 45, 'Mid Cap': 30, 'Small Cap': 20, 'Micro Cap': 5}
2025-06-28 08:13:42,404 - portfolio_allocation.core.hybrid_portfolio_engine - INFO - Building hybrid portfolio with ₹1,500,000
2025-06-28 08:13:42,404 - portfolio_allocation.core.hybrid_portfolio_engine - INFO - Market Direction: neutral
2025-06-28 08:13:42,404 - portfolio_allocation.core.hybrid_portfolio_engine - INFO - Loading strategies with lot sizes...
2025-06-28 08:13:42,838 - httpx - INFO - HTTP Request: GET https://aisqbjjpdztnuerniefl.supabase.co/rest/v1/strategies?select=id%2Cstock_name%2Cstrategy_name%2Cnet_premium%2Cprobability_of_profit%2Crisk_reward_ratio%2Ctotal_score%2Cconviction_level%2Cstrategy_type%2Csector%2Cindustry%2Cmarket_view%2Ccomponent_scores&total_score=gte.0.6 "HTTP/2 200 OK"
2025-06-28 08:13:42,919 - httpx - INFO - HTTP Request: GET https://aisqbjjpdztnuerniefl.supabase.co/rest/v1/strategy_details?select=strategy_id%2Cquantity%2Cstrike_price%2Coption_type%2Csetup_type&strategy_id=in.%284982%2C4985%2C4987%2C4988%2C4990%2C4466%2C4468%2C4474%2C4477%2C4479%2C4482%2C4485%2C4487%2C4488%2C4490%2C4491%2C4493%2C4495%2C4497%2C4498%2C4500%2C4503%2C4506%2C4507%2C4508%2C4509%2C4511%2C4512%2C4514%2C4517%2C4520%2C4523%2C4526%2C4529%2C4532%2C4533%2C4537%2C4538%2C4540%2C4543%2C4546%2C4549%2C4552%2C4553%2C4555%2C4557%2C4561%2C4564%2C4565%2C4567%2C4569%2C4570%2C4572%2C4573%2C4578%2C3758%2C4581%2C4583%2C4586%2C4589%2C4591%2C4592%2C4594%2C4595%2C4597%2C4598%2C4603%2C4600%2C4601%2C4609%2C4612%2C4615%2C4616%2C4617%2C4618%2C4620%2C4621%2C4623%2C4628%2C4633%2C4636%2C4639%2C4667%2C4642%2C4643%2C4645%2C4648%2C4654%2C4657%2C4664%2C4665%2C4999%2C4670%2C4671%2C4682%2C4674%2C4675%2C4676%2C4679%2C4710%2C4712%2C4683%2C4684%2C4685%2C4688%2C4691%2C4697%2C4698%2C4700%2C4703%2C4706%2C4715%2C4718%2C4721%2C4722%2C4725%2C4726%2C4727%2C4728%2C4729%2C4730%2C4731%2C4734%2C4735%2C4737%2C4740%2C4741%2C4752%2C4753%2C4746%2C4749%2C5002%2C5003%2C4755%2C4757%2C4758%2C4759%2C4760%2C4761%2C4810%2C4765%2C4766%2C4768%2C4769%2C4771%2C4772%2C4774%2C4780%2C4781%2C4783%2C4786%2C4789%2C4790%2C4792%2C4795%2C4796%2C4798%2C4799%2C4801%2C4804%2C4819%2C4813%2C4816%2C4836%2C4822%2C4828%2C4830%2C4833%2C4842%2C4848%2C4849%2C4851%2C4852%2C4854%2C4861%2C4855%2C4858%2C4903%2C4864%2C4867%2C4868%2C4870%2C4872%2C4874%2C4879%2C4886%2C4889%2C4890%2C4896%2C4897%2C4901%2C4906%2C4907%2C4909%2C4910%2C4911%2C4912%2C4913%2C4914%2C4915%2C4916%2C4918%2C4930%2C4924%2C4925%2C4927%2C4931%2C4933%2C5007%2C4939%2C4942%2C4943%2C3359%2C3626%2C4948%2C4949%2C4950%2C4951%2C4952%2C4954%2C4955%2C4960%2C4963%2C4966%2C4968%2C4969%2C5008%2C5009%2C4971%2C4972%2C4973%2C4974%2C4976%2C4977%2C4979%2C4980%2C5010%2C5011%2C5013%2C5016%2C5018%2C5019%2C5021%2C5023%2C5026%2C5027%29 "HTTP/2 200 OK"
2025-06-28 08:13:43,001 - httpx - INFO - HTTP Request: GET https://aisqbjjpdztnuerniefl.supabase.co/rest/v1/strategy_greek_exposures?select=strategy_id%2Cnet_delta%2Cnet_gamma%2Cnet_theta%2Cnet_vega&strategy_id=in.%284982%2C4985%2C4987%2C4988%2C4990%2C4466%2C4468%2C4474%2C4477%2C4479%2C4482%2C4485%2C4487%2C4488%2C4490%2C4491%2C4493%2C4495%2C4497%2C4498%2C4500%2C4503%2C4506%2C4507%2C4508%2C4509%2C4511%2C4512%2C4514%2C4517%2C4520%2C4523%2C4526%2C4529%2C4532%2C4533%2C4537%2C4538%2C4540%2C4543%2C4546%2C4549%2C4552%2C4553%2C4555%2C4557%2C4561%2C4564%2C4565%2C4567%2C4569%2C4570%2C4572%2C4573%2C4578%2C3758%2C4581%2C4583%2C4586%2C4589%2C4591%2C4592%2C4594%2C4595%2C4597%2C4598%2C4603%2C4600%2C4601%2C4609%2C4612%2C4615%2C4616%2C4617%2C4618%2C4620%2C4621%2C4623%2C4628%2C4633%2C4636%2C4639%2C4667%2C4642%2C4643%2C4645%2C4648%2C4654%2C4657%2C4664%2C4665%2C4999%2C4670%2C4671%2C4682%2C4674%2C4675%2C4676%2C4679%2C4710%2C4712%2C4683%2C4684%2C4685%2C4688%2C4691%2C4697%2C4698%2C4700%2C4703%2C4706%2C4715%2C4718%2C4721%2C4722%2C4725%2C4726%2C4727%2C4728%2C4729%2C4730%2C4731%2C4734%2C4735%2C4737%2C4740%2C4741%2C4752%2C4753%2C4746%2C4749%2C5002%2C5003%2C4755%2C4757%2C4758%2C4759%2C4760%2C4761%2C4810%2C4765%2C4766%2C4768%2C4769%2C4771%2C4772%2C4774%2C4780%2C4781%2C4783%2C4786%2C4789%2C4790%2C4792%2C4795%2C4796%2C4798%2C4799%2C4801%2C4804%2C4819%2C4813%2C4816%2C4836%2C4822%2C4828%2C4830%2C4833%2C4842%2C4848%2C4849%2C4851%2C4852%2C4854%2C4861%2C4855%2C4858%2C4903%2C4864%2C4867%2C4868%2C4870%2C4872%2C4874%2C4879%2C4886%2C4889%2C4890%2C4896%2C4897%2C4901%2C4906%2C4907%2C4909%2C4910%2C4911%2C4912%2C4913%2C4914%2C4915%2C4916%2C4918%2C4930%2C4924%2C4925%2C4927%2C4931%2C4933%2C5007%2C4939%2C4942%2C4943%2C3359%2C3626%2C4948%2C4949%2C4950%2C4951%2C4952%2C4954%2C4955%2C4960%2C4963%2C4966%2C4968%2C4969%2C5008%2C5009%2C4971%2C4972%2C4973%2C4974%2C4976%2C4977%2C4979%2C4980%2C5010%2C5011%2C5013%2C5016%2C5018%2C5019%2C5021%2C5023%2C5026%2C5027%29 "HTTP/2 200 OK"
2025-06-28 08:13:43,087 - httpx - INFO - HTTP Request: GET https://aisqbjjpdztnuerniefl.supabase.co/rest/v1/stock_rankings?select=symbol%2Cmarket_cap_category&symbol=in.%28JIOFIN%2CMGL%2CHCLTECH%2CSONACOMS%2CIDFCFIRSTB%2CPNBHOUSING%2CASTRAL%2CPOWERGRID%2CPNB%2CEXIDEIND%2CWIPRO%2CM%26MFIN%2CHAL%2CUPL%2CTORNTPHARM%2CHDFCBANK%2CJSWENERGY%2CABCAPITAL%2CLICHSGFIN%2CVOLTAS%2CABB%2CLUPIN%2CPERSISTENT%2CINDIANB%2CICICIPRULI%2CGODREJCP%2CTORNTPOWER%2CTATAMOTORS%2CCIPLA%2CDIVISLAB%2CSHRIRAMFIN%2CPFC%2CALKEM%2CKPITTECH%2CTATACONSUM%2CICICIGI%2CNTPC%2CUNIONBANK%2CTATAELXSI%2CHINDUNILVR%2CGODREJPROP%2CTATACOMM%2CADANIENSOL%2CCDSL%2CAARTIIND%2CTITAGARH%2CINFY%2CLTIM%2CDLF%2CMARUTI%2CIEX%2CBAJAJFINSV%2CBRITANNIA%2CEICHERMOT%2CPIIND%2CAMBUJACEM%2CPOLICYBZR%2CHINDPETRO%2CHDFCLIFE%2COBEROIRLTY%2CCHAMBLFERT%2CAUBANK%2COIL%2CCAMS%2CAXISBANK%2CCYIENT%2CSAIL%2CJSWSTEEL%2CBEL%2CTVSMOTOR%2CMFSL%2CJSL%2CTITAN%2CAPLAPOLLO%2CMAXHEALTH%2CBALKRISIND%2CNCC%2CHINDALCO%2CCESC%2CCROMPTON%2CKOTAKBANK%2CTATACHEM%2CAPOLLOHOSP%2CCOALINDIA%2CBANDHANBNK%2CETERNAL%2CRECLTD%2CIREDA%2CTIINDIA%2CHEROMOTOCO%2CDIXON%2CAUROPHARMA%2CTECHM%2CPATANJALI%2CIRFC%2CHDFCAMC%2COFSS%2CVBL%2CJINDALSTEL%2CGMRAIRPORT%2CMCX%2CVEDL%2CIRB%2CM%26M%2CDMART%2CTRENT%2CNAUKRI%2CNYKAA%2CLODHA%2CBHARTIARTL%2CDALBHARAT%2CBSOFT%2CDABUR%2CBPCL%2CGAIL%2CNMDC%2CBOSCHLTD%2CBANKBARODA%2CGRANULES%2CINDUSTOWER%2CMPHASIS%2CTATATECH%2CBANKINDIA%2CNHPC%2CADANIPORTS%2CDELHIVERY%2CSBICARD%2CASHOKLEY%2CTATASTEEL%2CCUMMINSIND%2CPEL%2CFEDERALBNK%2CUNITDSPR%2CMUTHOOTFIN%2CDRREDDY%2CIGL%2CSRF%2CKALYANKJIL%2CADANIGREEN%2CGRASIM%2CLAURUSLABS%2CRELIANCE%2CMARICO%2CSBIN%2CKEI%2CHINDZINC%2CMOTHERSON%2CSUNPHARMA%2CICICIBANK%2CSIEMENS%2CLT%2CBHEL%2CASIANPAINT%2CNATIONALUM%2CCANBK%2CGLENMARK%2CPHOENIXLTD%2CBHARATFORG%2CZYDUSLIFE%2CINDIGO%2CCONCOR%2CSYNGENE%2CADANIENT%2CLTF%2CMANAPPURAM%2CPAGEIND%2CINDUSINDBK%2CSUPREMEIND%2CONGC%2CBIOCON%29 "HTTP/2 200 OK"
2025-06-28 08:13:43,096 - portfolio_allocation.core.hybrid_portfolio_engine - INFO - Loaded 246 strategies with lot sizes
2025-06-28 08:13:43,164 - httpx - INFO - HTTP Request: GET https://aisqbjjpdztnuerniefl.supabase.co/rest/v1/industry_allocations_current?select=industry%2Cweight_percentage%2Cposition_type "HTTP/2 200 OK"
2025-06-28 08:13:43,166 - portfolio_allocation.core.hybrid_portfolio_engine - INFO - Loaded 30 industry allocations with position types
2025-06-28 08:13:43,166 - portfolio_allocation.core.hybrid_portfolio_engine - INFO - LONG industries: 11, SHORT industries: 19
2025-06-28 08:13:43,166 - portfolio_allocation.core.hybrid_portfolio_engine - INFO - 
📊 Large Cap: ₹675,000 (45%)
2025-06-28 08:13:43,167 - portfolio_allocation.core.hybrid_portfolio_engine - INFO - INCOME tier: 3 strategies
2025-06-28 08:13:43,167 - portfolio_allocation.core.hybrid_portfolio_engine - INFO - MOMENTUM tier: 5 strategies
2025-06-28 08:13:43,167 - portfolio_allocation.core.hybrid_portfolio_engine - INFO - VOLATILITY tier: 1 strategies
2025-06-28 08:13:43,168 - portfolio_allocation.core.hybrid_portfolio_engine - INFO -   LONG: 2 positions, ₹315,438 deployed
2025-06-28 08:13:43,168 - portfolio_allocation.core.hybrid_portfolio_engine - INFO - INCOME tier: 4 strategies
2025-06-28 08:13:43,168 - portfolio_allocation.core.hybrid_portfolio_engine - INFO - MOMENTUM tier: 1 strategies
2025-06-28 08:13:43,169 - portfolio_allocation.core.hybrid_portfolio_engine - INFO - VOLATILITY tier: 2 strategies
2025-06-28 08:13:43,169 - portfolio_allocation.core.hybrid_portfolio_engine - INFO -   SHORT: 2 positions, ₹314,514 deployed
2025-06-28 08:13:43,169 - portfolio_allocation.core.hybrid_portfolio_engine - INFO - 
📊 Mid Cap: ₹450,000 (30%)
2025-06-28 08:13:43,169 - portfolio_allocation.core.hybrid_portfolio_engine - INFO - INCOME tier: 4 strategies
2025-06-28 08:13:43,170 - portfolio_allocation.core.hybrid_portfolio_engine - INFO - MOMENTUM tier: 9 strategies
2025-06-28 08:13:43,170 - portfolio_allocation.core.hybrid_portfolio_engine - INFO - VOLATILITY tier: 2 strategies
2025-06-28 08:13:43,170 - portfolio_allocation.core.hybrid_portfolio_engine - INFO -   LONG: 2 positions, ₹220,062 deployed
2025-06-28 08:13:43,171 - portfolio_allocation.core.hybrid_portfolio_engine - INFO - INCOME tier: 3 strategies
2025-06-28 08:13:43,171 - portfolio_allocation.core.hybrid_portfolio_engine - INFO - MOMENTUM tier: 1 strategies
2025-06-28 08:13:43,171 - portfolio_allocation.core.hybrid_portfolio_engine - INFO - VOLATILITY tier: 6 strategies
2025-06-28 08:13:43,171 - portfolio_allocation.core.hybrid_portfolio_engine - INFO -   SHORT: 2 positions, ₹223,448 deployed
2025-06-28 08:13:43,171 - portfolio_allocation.core.hybrid_portfolio_engine - INFO - 
📊 Small Cap: ₹300,000 (20%)
2025-06-28 08:13:43,171 - portfolio_allocation.core.hybrid_portfolio_engine - INFO - INCOME tier: 1 strategies
2025-06-28 08:13:43,171 - portfolio_allocation.core.hybrid_portfolio_engine - INFO - MOMENTUM tier: 3 strategies
2025-06-28 08:13:43,171 - portfolio_allocation.core.hybrid_portfolio_engine - INFO - VOLATILITY tier: 0 strategies
2025-06-28 08:13:43,171 - portfolio_allocation.core.hybrid_portfolio_engine - INFO -   LONG: 2 positions, ₹132,446 deployed
2025-06-28 08:13:43,171 - portfolio_allocation.core.hybrid_portfolio_engine - INFO - INCOME tier: 2 strategies
2025-06-28 08:13:43,171 - portfolio_allocation.core.hybrid_portfolio_engine - INFO - MOMENTUM tier: 0 strategies
2025-06-28 08:13:43,172 - portfolio_allocation.core.hybrid_portfolio_engine - INFO - VOLATILITY tier: 2 strategies
2025-06-28 08:13:43,172 - portfolio_allocation.core.hybrid_portfolio_engine - INFO -   SHORT: 2 positions, ₹143,840 deployed
2025-06-28 08:13:43,172 - portfolio_allocation.core.hybrid_portfolio_engine - INFO - 
📊 Micro Cap: ₹75,000 (5%)
2025-06-28 08:13:43,172 - portfolio_allocation.core.hybrid_portfolio_engine - INFO - INCOME tier: 0 strategies
2025-06-28 08:13:43,172 - portfolio_allocation.core.hybrid_portfolio_engine - INFO - MOMENTUM tier: 0 strategies
2025-06-28 08:13:43,172 - portfolio_allocation.core.hybrid_portfolio_engine - INFO - VOLATILITY tier: 0 strategies
2025-06-28 08:13:43,172 - portfolio_allocation.core.hybrid_portfolio_engine - INFO -   SHORT: 0 positions, ₹0 deployed
2025-06-28 08:13:43,172 - portfolio_allocation.core.hybrid_portfolio_engine - INFO - 
⚠️ Low deployment: 90.0%. Running second pass...
2025-06-28 08:13:43,172 - portfolio_allocation.core.hybrid_portfolio_engine - INFO - Added 1 positions in second pass
2025-06-28 08:13:43,172 - portfolio_allocation.core.hybrid_portfolio_engine - INFO - 
📊 PORTFOLIO SUMMARY:
2025-06-28 08:13:43,172 - portfolio_allocation.core.hybrid_portfolio_engine - INFO - Total positions: 13
2025-06-28 08:13:43,172 - portfolio_allocation.core.hybrid_portfolio_engine - INFO - Capital deployed: ₹1,499,623 (100.0%)
2025-06-28 08:13:43,172 - portfolio_allocation.core.hybrid_portfolio_engine - INFO - LONG capital: ₹667,946
2025-06-28 08:13:43,172 - portfolio_allocation.core.hybrid_portfolio_engine - INFO - SHORT capital: ₹831,677
2025-06-28 08:13:43,172 - portfolio_allocation.core.hybrid_portfolio_engine - INFO - Expected monthly income: ₹65,817
2025-06-28 10:27:20,278 - __main__ - INFO - Supabase client initialized successfully
2025-06-28 10:27:20,282 - SupabaseIntegration - INFO - Supabase client initialized successfully
2025-06-28 10:27:20,455 - httpx - INFO - HTTP Request: GET https://aisqbjjpdztnuerniefl.supabase.co/rest/v1/trades?select=security_id%2Csymbol%2Ctype%2Cstrategy%2Caction%2Cstrike_price%2Corder_status&order_status=eq.open "HTTP/2 200 OK"
2025-06-28 10:27:20,461 - portfolio_allocation.core.hybrid_portfolio_engine - INFO - Market Direction: neutral
2025-06-28 10:27:20,461 - portfolio_allocation.core.hybrid_portfolio_engine - INFO - Long/Short Allocation: 50%/50%
2025-06-28 10:27:20,461 - portfolio_allocation.core.hybrid_portfolio_engine - INFO - Market Cap Allocation: {'Large Cap': 45, 'Mid Cap': 30, 'Small Cap': 20, 'Micro Cap': 5}
2025-06-28 10:27:20,461 - portfolio_allocation.core.hybrid_portfolio_engine - INFO - Building hybrid portfolio with ₹1,500,000
2025-06-28 10:27:20,461 - portfolio_allocation.core.hybrid_portfolio_engine - INFO - Market Direction: neutral
2025-06-28 10:27:20,461 - portfolio_allocation.core.hybrid_portfolio_engine - INFO - Loading strategies with lot sizes...
2025-06-28 10:27:21,147 - httpx - INFO - HTTP Request: GET https://aisqbjjpdztnuerniefl.supabase.co/rest/v1/strategies?select=id%2Cstock_name%2Cstrategy_name%2Cnet_premium%2Cprobability_of_profit%2Crisk_reward_ratio%2Ctotal_score%2Cconviction_level%2Cstrategy_type%2Csector%2Cindustry%2Cmarket_view%2Ccomponent_scores&total_score=gte.0.5 "HTTP/2 200 OK"
2025-06-28 10:27:21,316 - httpx - INFO - HTTP Request: GET https://aisqbjjpdztnuerniefl.supabase.co/rest/v1/strategy_details?select=strategy_id%2Cquantity%2Cstrike_price%2Coption_type%2Csetup_type&strategy_id=in.%284982%2C4983%2C4985%2C4987%2C4988%2C4989%2C4990%2C4991%2C4992%2C4993%2C4466%2C4467%2C4468%2C4471%2C4472%2C4474%2C4475%2C4477%2C4479%2C4482%2C4994%2C4485%2C4487%2C4488%2C4489%2C4490%2C4491%2C4492%2C4493%2C4494%2C4495%2C4497%2C4498%2C4499%2C4500%2C4503%2C4506%2C4507%2C4508%2C4509%2C4510%2C4511%2C4512%2C4514%2C4515%2C4516%2C4517%2C4518%2C4520%2C4523%2C4524%2C4525%2C4526%2C4529%2C4532%2C4533%2C4534%2C4535%2C4537%2C4538%2C4539%2C4540%2C4541%2C4543%2C4544%2C4546%2C4549%2C4552%2C4553%2C4555%2C4557%2C4559%2C4561%2C4562%2C4564%2C4565%2C4567%2C4569%2C4570%2C4572%2C4573%2C4575%2C4576%2C4577%2C4996%2C4578%2C3758%2C4579%2C4580%2C4581%2C4582%2C4583%2C4586%2C4587%2C4589%2C4591%2C4592%2C4593%2C4594%2C4595%2C4596%2C4597%2C4598%2C4599%2C4603%2C4600%2C4601%2C4606%2C4604%2C4605%2C4631%2C4607%2C4609%2C4610%2C4611%2C4612%2C4615%2C4616%2C4617%2C4618%2C4619%2C4620%2C4621%2C4622%2C4623%2C4626%2C4628%2C4629%2C4633%2C4636%2C4639%2C4640%2C4667%2C4668%2C4669%2C4642%2C4643%2C4645%2C4646%2C4647%2C4648%2C4649%2C4651%2C4654%2C4655%2C4657%2C4658%2C4661%2C4662%2C4664%2C4665%2C4666%2C4999%2C5000%2C4670%2C4671%2C4672%2C4682%2C4674%2C4675%2C4676%2C4677%2C4679%2C4710%2C4711%2C4712%2C4683%2C4684%2C4685%2C4686%2C4687%2C4688%2C4691%2C4692%2C4694%2C4695%2C4697%2C4698%2C4700%2C4703%2C4706%2C4743%2C4713%2C4715%2C4716%2C4718%2C4719%2C4721%2C4722%2C4723%2C4725%2C4726%2C4727%2C4728%2C4729%2C4730%2C4731%2C4734%2C4735%2C4737%2C4738%2C4739%2C4740%2C4741%2C4742%2C4752%2C4753%2C4746%2C4749%2C4750%2C5002%2C5003%2C4755%2C4757%2C5004%2C4758%2C4759%2C4760%2C4761%2C4810%2C4811%2C4763%2C4765%2C4766%2C4768%2C4769%2C4771%2C4772%2C4773%2C4774%2C4775%2C4777%2C4780%2C4781%2C4782%2C4783%2C4784%2C4786%2C4787%2C4788%2C4789%2C4790%2C4792%2C4793%2C4795%2C4796%2C4798%2C4799%2C4800%2C4801%2C4802%2C4804%2C4807%2C4819%2C4813%2C4814%2C4815%2C4816%2C4817%2C4836%2C4820%2C4821%2C4822%2C4823%2C4825%2C4826%2C4828%2C4830%2C4831%2C4833%2C4835%2C4839%2C4840%2C4841%2C4842%2C4843%2C4844%2C4845%2C4846%2C4848%2C5005%2C4849%2C4850%2C4851%2C4852%2C4853%2C4854%2C4861%2C4862%2C4855%2C4856%2C4858%2C4859%2C4860%2C4903%2C4864%2C4865%2C4867%2C4868%2C4869%2C4870%2C4872%2C4874%2C4875%2C4877%2C4879%2C4880%2C4882%2C4883%2C4884%2C4886%2C4887%2C4888%2C4889%2C4890%2C4892%2C4896%2C4897%2C4899%2C4901%2C4906%2C4907%2C4908%2C4909%2C4910%2C4911%2C4912%2C4913%2C4914%2C4915%2C4916%2C4918%2C4919%2C4921%2C4930%2C4924%2C4925%2C4927%2C4928%2C4936%2C4937%2C4931%2C4932%2C4933%2C4934%2C5007%2C4938%2C4939%2C4940%2C4942%2C4943%2C3626%2C4945%2C4946%2C4948%2C4949%2C4950%2C4951%2C4952%2C4954%2C4955%2C4957%2C4958%2C4959%2C4960%2C4961%2C4963%2C4964%2C4966%2C4968%2C4969%2C5008%2C5009%2C4971%2C4264%2C4972%2C4973%2C4974%2C4976%2C4977%2C4978%2C4979%2C4980%2C4981%2C5010%2C5011%2C5012%2C5013%2C5014%2C5016%2C5018%2C5019%2C5020%2C5021%2C5022%2C5023%2C5024%2C5026%2C5027%2C3359%29 "HTTP/2 200 OK"
2025-06-28 10:27:21,437 - httpx - INFO - HTTP Request: GET https://aisqbjjpdztnuerniefl.supabase.co/rest/v1/strategy_greek_exposures?select=strategy_id%2Cnet_delta%2Cnet_gamma%2Cnet_theta%2Cnet_vega&strategy_id=in.%284982%2C4983%2C4985%2C4987%2C4988%2C4989%2C4990%2C4991%2C4992%2C4993%2C4466%2C4467%2C4468%2C4471%2C4472%2C4474%2C4475%2C4477%2C4479%2C4482%2C4994%2C4485%2C4487%2C4488%2C4489%2C4490%2C4491%2C4492%2C4493%2C4494%2C4495%2C4497%2C4498%2C4499%2C4500%2C4503%2C4506%2C4507%2C4508%2C4509%2C4510%2C4511%2C4512%2C4514%2C4515%2C4516%2C4517%2C4518%2C4520%2C4523%2C4524%2C4525%2C4526%2C4529%2C4532%2C4533%2C4534%2C4535%2C4537%2C4538%2C4539%2C4540%2C4541%2C4543%2C4544%2C4546%2C4549%2C4552%2C4553%2C4555%2C4557%2C4559%2C4561%2C4562%2C4564%2C4565%2C4567%2C4569%2C4570%2C4572%2C4573%2C4575%2C4576%2C4577%2C4996%2C4578%2C3758%2C4579%2C4580%2C4581%2C4582%2C4583%2C4586%2C4587%2C4589%2C4591%2C4592%2C4593%2C4594%2C4595%2C4596%2C4597%2C4598%2C4599%2C4603%2C4600%2C4601%2C4606%2C4604%2C4605%2C4631%2C4607%2C4609%2C4610%2C4611%2C4612%2C4615%2C4616%2C4617%2C4618%2C4619%2C4620%2C4621%2C4622%2C4623%2C4626%2C4628%2C4629%2C4633%2C4636%2C4639%2C4640%2C4667%2C4668%2C4669%2C4642%2C4643%2C4645%2C4646%2C4647%2C4648%2C4649%2C4651%2C4654%2C4655%2C4657%2C4658%2C4661%2C4662%2C4664%2C4665%2C4666%2C4999%2C5000%2C4670%2C4671%2C4672%2C4682%2C4674%2C4675%2C4676%2C4677%2C4679%2C4710%2C4711%2C4712%2C4683%2C4684%2C4685%2C4686%2C4687%2C4688%2C4691%2C4692%2C4694%2C4695%2C4697%2C4698%2C4700%2C4703%2C4706%2C4743%2C4713%2C4715%2C4716%2C4718%2C4719%2C4721%2C4722%2C4723%2C4725%2C4726%2C4727%2C4728%2C4729%2C4730%2C4731%2C4734%2C4735%2C4737%2C4738%2C4739%2C4740%2C4741%2C4742%2C4752%2C4753%2C4746%2C4749%2C4750%2C5002%2C5003%2C4755%2C4757%2C5004%2C4758%2C4759%2C4760%2C4761%2C4810%2C4811%2C4763%2C4765%2C4766%2C4768%2C4769%2C4771%2C4772%2C4773%2C4774%2C4775%2C4777%2C4780%2C4781%2C4782%2C4783%2C4784%2C4786%2C4787%2C4788%2C4789%2C4790%2C4792%2C4793%2C4795%2C4796%2C4798%2C4799%2C4800%2C4801%2C4802%2C4804%2C4807%2C4819%2C4813%2C4814%2C4815%2C4816%2C4817%2C4836%2C4820%2C4821%2C4822%2C4823%2C4825%2C4826%2C4828%2C4830%2C4831%2C4833%2C4835%2C4839%2C4840%2C4841%2C4842%2C4843%2C4844%2C4845%2C4846%2C4848%2C5005%2C4849%2C4850%2C4851%2C4852%2C4853%2C4854%2C4861%2C4862%2C4855%2C4856%2C4858%2C4859%2C4860%2C4903%2C4864%2C4865%2C4867%2C4868%2C4869%2C4870%2C4872%2C4874%2C4875%2C4877%2C4879%2C4880%2C4882%2C4883%2C4884%2C4886%2C4887%2C4888%2C4889%2C4890%2C4892%2C4896%2C4897%2C4899%2C4901%2C4906%2C4907%2C4908%2C4909%2C4910%2C4911%2C4912%2C4913%2C4914%2C4915%2C4916%2C4918%2C4919%2C4921%2C4930%2C4924%2C4925%2C4927%2C4928%2C4936%2C4937%2C4931%2C4932%2C4933%2C4934%2C5007%2C4938%2C4939%2C4940%2C4942%2C4943%2C3626%2C4945%2C4946%2C4948%2C4949%2C4950%2C4951%2C4952%2C4954%2C4955%2C4957%2C4958%2C4959%2C4960%2C4961%2C4963%2C4964%2C4966%2C4968%2C4969%2C5008%2C5009%2C4971%2C4264%2C4972%2C4973%2C4974%2C4976%2C4977%2C4978%2C4979%2C4980%2C4981%2C5010%2C5011%2C5012%2C5013%2C5014%2C5016%2C5018%2C5019%2C5020%2C5021%2C5022%2C5023%2C5024%2C5026%2C5027%2C3359%29 "HTTP/2 200 OK"
2025-06-28 10:27:21,534 - httpx - INFO - HTTP Request: GET https://aisqbjjpdztnuerniefl.supabase.co/rest/v1/stock_rankings?select=symbol%2Cmarket_cap_category&symbol=in.%28TATATECH%2CMUTHOOTFIN%2CLTF%2CINDHOTEL%2CGRASIM%2CIRB%2CTATASTEEL%2CINDIGO%2CJSWSTEEL%2CMAXHEALTH%2CTATAMOTORS%2CPRESTIGE%2CCHOLAFIN%2CSBICARD%2CPFC%2CGODREJCP%2CJSWENERGY%2CM%26M%2CADANIENT%2CIGL%2CGMRAIRPORT%2CHINDUNILVR%2CADANIGREEN%2CSIEMENS%2CATGL%2CLTIM%2CPOWERGRID%2CPEL%2CTORNTPHARM%2CMANAPPURAM%2CMCX%2CLAURUSLABS%2CVOLTAS%2CEICHERMOT%2CRBLBANK%2CRECLTD%2CAPOLLOHOSP%2CCAMS%2CMFSL%2CABB%2CCANBK%2CCDSL%2CSJVN%2CDELHIVERY%2CINOXWIND%2CHDFCBANK%2CAUROPHARMA%2CNBCC%2CMARICO%2CCGPOWER%2CCIPLA%2CUPL%2CM%26MFIN%2CBAJAJFINSV%2CZYDUSLIFE%2CBANKINDIA%2COFSS%2CINDUSTOWER%2CADANIENSOL%2CPATANJALI%2CTATACOMM%2CUNIONBANK%2CSHRIRAMFIN%2CBANDHANBNK%2CHFCL%2CABCAPITAL%2CICICIBANK%2CNYKAA%2CKEI%2CDIVISLAB%2CTECHM%2CLICHSGFIN%2CTITAGARH%2CTATACONSUM%2CADANIPORTS%2CIRFC%2CPAYTM%2CPOLYCAB%2CALKEM%2CSBIN%2COBEROIRLTY%2CWIPRO%2CICICIPRULI%2CASHOKLEY%2CCONCOR%2CDABUR%2CPETRONET%2CONGC%2CPOONAWALLA%2CBOSCHLTD%2CDIXON%2COIL%2CIREDA%2CSUNPHARMA%2CNATIONALUM%2CKALYANKJIL%2CSAIL%2CHCLTECH%2CNCC%2CAUBANK%2CBEL%2CJIOFIN%2CHAVELLS%2CBANKBARODA%2CPIDILITIND%2CJINDALSTEL%2CPIIND%2CCROMPTON%2CANGELONE%2CDRREDDY%2CGAIL%2CHDFCAMC%2CSUPREMEIND%2CTORNTPOWER%2CJUBLFOOD%2CNAUKRI%2CNHPC%2CTATAPOWER%2CNMDC%2CINDIANB%2CBSE%2CBRITANNIA%2CNTPC%2CABFRL%2CPOLICYBZR%2CHINDCOPPER%2CASTRAL%2CTITAN%2CMPHASIS%2CBIOCON%2CHINDALCO%2CBHEL%2CVBL%2CCYIENT%2CEXIDEIND%2CKOTAKBANK%2CHDFCLIFE%2CHINDPETRO%2CPERSISTENT%2CPNBHOUSING%2CAXISBANK%2CLUPIN%2CMARUTI%2CUNITDSPR%2CKPITTECH%2CACC%2CITC%2CPNB%2CBHARATFORG%2CLT%2CMOTHERSON%2CTIINDIA%2CTATAELXSI%2CBSOFT%2CSBILIFE%2CBALKRISIND%2CIIFL%2CHINDZINC%2CINDUSINDBK%2CETERNAL%2CDALBHARAT%2CSOLARINDS%2CIEX%2CCUMMINSIND%2CCHAMBLFERT%2CAARTIIND%2CTCS%2CHUDCO%2CGRANULES%2CFEDERALBNK%2CASIANPAINT%2CAMBUJACEM%2CSYNGENE%2CLODHA%2CICICIGI%2CPAGEIND%2CGLENMARK%2CAPLAPOLLO%2CTRENT%2CTATACHEM%2CCOALINDIA%2CINFY%2CSONACOMS%2CMGL%2CHAL%2CIDFCFIRSTB%2CCESC%2CGODREJPROP%2CSRF%2CTVSMOTOR%2CCOLPAL%2CRELIANCE%2CVEDL%2CJSL%2CPHOENIXLTD%2CDLF%2CIOC%2CBHARTIARTL%2CBPCL%2CDMART%2CHEROMOTOCO%29 "HTTP/2 200 OK"
2025-06-28 10:27:21,543 - portfolio_allocation.core.hybrid_portfolio_engine - INFO - Loaded 400 strategies with lot sizes
2025-06-28 10:27:21,611 - httpx - INFO - HTTP Request: GET https://aisqbjjpdztnuerniefl.supabase.co/rest/v1/industry_allocations_current?select=industry%2Cweight_percentage%2Cposition_type "HTTP/2 200 OK"
2025-06-28 10:27:21,613 - portfolio_allocation.core.hybrid_portfolio_engine - INFO - Loaded 30 industry allocations with position types
2025-06-28 10:27:21,614 - portfolio_allocation.core.hybrid_portfolio_engine - INFO - LONG industries: 11, SHORT industries: 19
2025-06-28 10:27:21,614 - portfolio_allocation.core.hybrid_portfolio_engine - INFO - 
📊 Large Cap: ₹675,000 (45%)
2025-06-28 10:27:21,614 - portfolio_allocation.core.hybrid_portfolio_engine - INFO - INCOME tier: 11 strategies
2025-06-28 10:27:21,614 - portfolio_allocation.core.hybrid_portfolio_engine - INFO - MOMENTUM tier: 5 strategies
2025-06-28 10:27:21,615 - portfolio_allocation.core.hybrid_portfolio_engine - INFO - VOLATILITY tier: 3 strategies
2025-06-28 10:27:21,615 - portfolio_allocation.core.hybrid_portfolio_engine - INFO -   LONG: 2 positions, ₹289,188 deployed
2025-06-28 10:27:21,615 - portfolio_allocation.core.hybrid_portfolio_engine - INFO - INCOME tier: 9 strategies
2025-06-28 10:27:21,616 - portfolio_allocation.core.hybrid_portfolio_engine - INFO - MOMENTUM tier: 1 strategies
2025-06-28 10:27:21,616 - portfolio_allocation.core.hybrid_portfolio_engine - INFO - VOLATILITY tier: 2 strategies
2025-06-28 10:27:21,616 - portfolio_allocation.core.hybrid_portfolio_engine - INFO -   SHORT: 2 positions, ₹314,514 deployed
2025-06-28 10:27:21,616 - portfolio_allocation.core.hybrid_portfolio_engine - INFO - 
📊 Mid Cap: ₹450,000 (30%)
2025-06-28 10:27:21,617 - portfolio_allocation.core.hybrid_portfolio_engine - INFO - INCOME tier: 7 strategies
2025-06-28 10:27:21,617 - portfolio_allocation.core.hybrid_portfolio_engine - INFO - MOMENTUM tier: 9 strategies
2025-06-28 10:27:21,617 - portfolio_allocation.core.hybrid_portfolio_engine - INFO - VOLATILITY tier: 4 strategies
2025-06-28 10:27:21,617 - portfolio_allocation.core.hybrid_portfolio_engine - INFO -   LONG: 2 positions, ₹220,062 deployed
2025-06-28 10:27:21,617 - portfolio_allocation.core.hybrid_portfolio_engine - INFO - INCOME tier: 18 strategies
2025-06-28 10:27:21,617 - portfolio_allocation.core.hybrid_portfolio_engine - INFO - MOMENTUM tier: 2 strategies
2025-06-28 10:27:21,617 - portfolio_allocation.core.hybrid_portfolio_engine - INFO - VOLATILITY tier: 6 strategies
2025-06-28 10:27:21,617 - portfolio_allocation.core.hybrid_portfolio_engine - INFO -   SHORT: 2 positions, ₹224,512 deployed
2025-06-28 10:27:21,618 - portfolio_allocation.core.hybrid_portfolio_engine - INFO - 
📊 Small Cap: ₹300,000 (20%)
2025-06-28 10:27:21,618 - portfolio_allocation.core.hybrid_portfolio_engine - INFO - INCOME tier: 6 strategies
2025-06-28 10:27:21,618 - portfolio_allocation.core.hybrid_portfolio_engine - INFO - MOMENTUM tier: 3 strategies
2025-06-28 10:27:21,618 - portfolio_allocation.core.hybrid_portfolio_engine - INFO - VOLATILITY tier: 2 strategies
2025-06-28 10:27:21,618 - portfolio_allocation.core.hybrid_portfolio_engine - INFO -   LONG: 2 positions, ₹132,446 deployed
2025-06-28 10:27:21,618 - portfolio_allocation.core.hybrid_portfolio_engine - INFO - INCOME tier: 6 strategies
2025-06-28 10:27:21,618 - portfolio_allocation.core.hybrid_portfolio_engine - INFO - MOMENTUM tier: 0 strategies
2025-06-28 10:27:21,621 - portfolio_allocation.core.hybrid_portfolio_engine - INFO - VOLATILITY tier: 2 strategies
2025-06-28 10:27:21,621 - portfolio_allocation.core.hybrid_portfolio_engine - INFO -   SHORT: 2 positions, ₹143,840 deployed
2025-06-28 10:27:21,622 - portfolio_allocation.core.hybrid_portfolio_engine - INFO - 
📊 Micro Cap: ₹75,000 (5%)
2025-06-28 10:27:21,622 - portfolio_allocation.core.hybrid_portfolio_engine - INFO - INCOME tier: 1 strategies
2025-06-28 10:27:21,622 - portfolio_allocation.core.hybrid_portfolio_engine - INFO - MOMENTUM tier: 0 strategies
2025-06-28 10:27:21,622 - portfolio_allocation.core.hybrid_portfolio_engine - INFO - VOLATILITY tier: 0 strategies
2025-06-28 10:27:21,622 - portfolio_allocation.core.hybrid_portfolio_engine - INFO -   SHORT: 0 positions, ₹0 deployed
2025-06-28 10:27:21,622 - portfolio_allocation.core.hybrid_portfolio_engine - INFO - 
⚠️ Low deployment: 88.3%. Running second pass...
2025-06-28 10:27:21,622 - portfolio_allocation.core.hybrid_portfolio_engine - INFO - Added 2 positions in second pass
2025-06-28 10:27:21,623 - portfolio_allocation.core.hybrid_portfolio_engine - INFO - 
📊 PORTFOLIO SUMMARY:
2025-06-28 10:27:21,623 - portfolio_allocation.core.hybrid_portfolio_engine - INFO - Total positions: 14
2025-06-28 10:27:21,623 - portfolio_allocation.core.hybrid_portfolio_engine - INFO - Capital deployed: ₹1,499,767 (100.0%)
2025-06-28 10:27:21,623 - portfolio_allocation.core.hybrid_portfolio_engine - INFO - LONG capital: ₹667,026
2025-06-28 10:27:21,623 - portfolio_allocation.core.hybrid_portfolio_engine - INFO - SHORT capital: ₹832,741
2025-06-28 10:27:21,623 - portfolio_allocation.core.hybrid_portfolio_engine - INFO - Expected monthly income: ₹63,677
