2025-06-24 10:25:55,126 - ProductionSophisticatedAllocator - INFO - Supabase client initialized successfully
2025-06-24 10:25:55,126 - ProductionSophisticatedAllocator - INFO - Production Sophisticated Allocator initialized
2025-06-24 10:25:55,126 - ProductionSophisticatedAllocator - INFO - ================================================================================
2025-06-24 10:25:55,126 - ProductionSophisticatedAllocator - INFO - PRODUCTION SOPHISTICATED OPTIONS PORTFOLIO ALLOCATOR
2025-06-24 10:25:55,126 - ProductionSophisticatedAllocator - INFO - ================================================================================
2025-06-24 10:25:55,126 - ProductionSophisticatedAllocator - INFO - Loading strategies from database...
2025-06-24 10:25:55,543 - ProductionSophisticatedAllocator - INFO - Loaded 411 qualifying strategies
2025-06-24 10:25:55,546 - ProductionSophisticatedAllocator - INFO - Quantum scores calculated. Range: 66.4 - 100.0
2025-06-24 10:25:55,546 - ProductionSophisticatedAllocator - INFO - VIX-based preferences: {'Iron Condor': 30, 'Butterfly Spread': 25, 'Cash-Secured Put': 20, 'Calendar Spread': 15, 'Diagonal Spread': 10}
2025-06-24 10:25:55,548 - ProductionSophisticatedAllocator - INFO - Allocated 25 strategies, 29.2% total allocation
2025-06-24 10:25:55,548 - ProductionSophisticatedAllocator - INFO - Updating database with sophisticated allocations...
2025-06-24 10:25:55,621 - ProductionSophisticatedAllocator - INFO - Cleared previous allocation marks
2025-06-24 10:25:57,474 - ProductionSophisticatedAllocator - INFO - Successfully marked 25 strategies for execution
2025-06-24 14:39:01,164 - ProductionSophisticatedAllocator - INFO - Supabase client initialized successfully
2025-06-24 14:39:01,164 - ProductionSophisticatedAllocator - INFO - Production Sophisticated Allocator initialized
2025-06-24 14:39:01,164 - ProductionSophisticatedAllocator - INFO - ================================================================================
2025-06-24 14:39:01,164 - ProductionSophisticatedAllocator - INFO - PRODUCTION SOPHISTICATED OPTIONS PORTFOLIO ALLOCATOR
2025-06-24 14:39:01,164 - ProductionSophisticatedAllocator - INFO - ================================================================================
2025-06-24 14:39:01,164 - ProductionSophisticatedAllocator - INFO - Loading strategies from database...
2025-06-24 14:39:01,761 - ProductionSophisticatedAllocator - INFO - Loaded 497 qualifying strategies
2025-06-24 14:39:01,762 - ProductionSophisticatedAllocator - INFO - Quantum scores calculated. Range: 66.6 - 100.0
2025-06-24 14:39:01,762 - ProductionSophisticatedAllocator - INFO - VIX-based preferences: {'Iron Condor': 30, 'Butterfly Spread': 25, 'Cash-Secured Put': 20, 'Calendar Spread': 15, 'Diagonal Spread': 10}
2025-06-24 14:39:01,763 - ProductionSophisticatedAllocator - INFO - Allocated 25 strategies, 30.4% total allocation
2025-06-24 14:39:01,763 - ProductionSophisticatedAllocator - INFO - Updating database with sophisticated allocations...
2025-06-24 14:39:01,865 - ProductionSophisticatedAllocator - INFO - Cleared previous allocation marks
2025-06-24 14:39:03,917 - ProductionSophisticatedAllocator - INFO - Successfully marked 25 strategies for execution
