2025-06-24 10:20:59,449 - SophisticatedAllocatorDB - INFO - Supabase client initialized successfully
2025-06-24 10:20:59,449 - SophisticatedAllocatorDB - INFO - Database integration established
2025-06-24 10:20:59,454 - SophisticatedAllocatorDB - INFO - Database-Integrated Sophisticated Allocator initialized
2025-06-24 10:20:59,454 - SophisticatedAllocatorDB - INFO - ================================================================================
2025-06-24 10:20:59,454 - SophisticatedAllocatorDB - INFO - SOPHISTICATED OPTIONS PORTFOLIO ALLOCATOR - DATABASE INTEGRATION
2025-06-24 10:20:59,454 - SophisticatedAllocatorDB - INFO - ================================================================================
2025-06-24 10:20:59,454 - SophisticatedAllocatorDB - INFO - Loading strategies from Supabase database...
2025-06-24 10:20:59,454 - SophisticatedAllocatorDB - ERROR - Error loading strategies from database: 'SupabaseIntegration' object has no attribute 'supabase'
2025-06-24 10:20:59,455 - SophisticatedAllocatorDB - ERROR - Sophisticated allocation failed: No strategies available in database
2025-06-24 10:21:44,842 - SophisticatedAllocatorDB - INFO - Supabase client initialized successfully
2025-06-24 10:21:44,842 - SophisticatedAllocatorDB - INFO - Database integration established
2025-06-24 10:21:44,846 - SophisticatedAllocatorDB - INFO - Database-Integrated Sophisticated Allocator initialized
2025-06-24 10:21:44,846 - SophisticatedAllocatorDB - INFO - ================================================================================
2025-06-24 10:21:44,846 - SophisticatedAllocatorDB - INFO - SOPHISTICATED OPTIONS PORTFOLIO ALLOCATOR - DATABASE INTEGRATION
2025-06-24 10:21:44,846 - SophisticatedAllocatorDB - INFO - ================================================================================
2025-06-24 10:21:44,846 - SophisticatedAllocatorDB - INFO - Loading strategies from Supabase database...
2025-06-24 10:21:45,443 - SophisticatedAllocatorDB - INFO - Loaded 411 strategies from database
2025-06-24 10:21:45,445 - SophisticatedAllocatorDB - INFO - Strategy types: {'Income': 208, 'Neutral': 99, 'Advanced': 74, 'Directional': 30}
2025-06-24 10:21:45,445 - SophisticatedAllocatorDB - INFO - Score range: 0.402 - 0.856
2025-06-24 10:21:45,445 - SophisticatedAllocatorDB - INFO - VIX Environment: 13.67 (11.9th percentile)
2025-06-24 10:21:45,445 - SophisticatedAllocatorDB - INFO - Executing sophisticated allocation algorithm...
2025-06-24 10:21:45,458 - SophisticatedAllocatorDB - INFO - ℹ️ Database update skipped (dry run mode)
2025-06-24 10:21:53,735 - SophisticatedAllocatorDB - INFO - Supabase client initialized successfully
2025-06-24 10:21:53,735 - SophisticatedAllocatorDB - INFO - Database integration established
2025-06-24 10:21:53,740 - SophisticatedAllocatorDB - INFO - Database-Integrated Sophisticated Allocator initialized
2025-06-24 10:21:53,740 - SophisticatedAllocatorDB - INFO - ================================================================================
2025-06-24 10:21:53,740 - SophisticatedAllocatorDB - INFO - SOPHISTICATED OPTIONS PORTFOLIO ALLOCATOR - DATABASE INTEGRATION
2025-06-24 10:21:53,740 - SophisticatedAllocatorDB - INFO - ================================================================================
2025-06-24 10:21:53,740 - SophisticatedAllocatorDB - INFO - Loading strategies from Supabase database...
2025-06-24 10:21:54,195 - SophisticatedAllocatorDB - INFO - Loaded 411 strategies from database
2025-06-24 10:21:54,195 - SophisticatedAllocatorDB - INFO - Strategy types: {'Income': 208, 'Neutral': 99, 'Advanced': 74, 'Directional': 30}
2025-06-24 10:21:54,195 - SophisticatedAllocatorDB - INFO - Score range: 0.402 - 0.856
2025-06-24 10:21:54,196 - SophisticatedAllocatorDB - INFO - VIX Environment: 13.67 (11.9th percentile)
2025-06-24 10:21:54,196 - SophisticatedAllocatorDB - INFO - Executing sophisticated allocation algorithm...
2025-06-24 10:21:54,207 - SophisticatedAllocatorDB - INFO - Updating database with sophisticated allocations...
2025-06-24 10:21:54,585 - SophisticatedAllocatorDB - INFO - Cleared previous allocation marks
2025-06-24 10:21:55,961 - SophisticatedAllocatorDB - INFO - Successfully marked 0 strategies for execution
2025-06-24 10:21:55,962 - SophisticatedAllocatorDB - INFO - Total allocation: 0.0%
2025-06-24 10:21:55,962 - SophisticatedAllocatorDB - WARNING - ⚠️ Database update failed
